This is pdfTeX, Version 3.141592653-2.6-1.40.23 (TeX Live 2021/Arch Linux) (preloaded format=pdflatex 2022.3.21)  31 MAR 2022 11:55
entering extended mode
 restricted \write18 enabled.
 %&-line parsing enabled.
**proteomic_paper_2020-02-11.tex
(./proteomic_paper_2020-02-11.tex
LaTeX2e <2021-11-15> patch level 1
L3 programming layer <2022-02-24> (./elife.cls
Document Class: elife 2021/03/18, v1.9
(/usr/share/texmf-dist/tex/generic/babel/babel.sty
Package: babel 2022/02/26 3.73 The Babel package
\babel@savecnt=\count185
\U@D=\dimen138
\l@unhyphenated=\language87
(/usr/share/texmf-dist/tex/generic/babel/txtbabel.def)
\bbl@readstream=\read2
\bbl@dirlevel=\count186
(/usr/share/texmf-dist/tex/generic/babel-english/english.ldf
Language: english 2017/06/06 v3.3r English support from the babel system
Package babel Info: Hyphen rules for 'canadian' set to \l@english
(babel)             (\language0). Reported on input line 102.
Package babel Info: Hyphen rules for 'australian' set to \l@ukenglish
(babel)             (\language21). Reported on input line 105.
Package babel Info: Hyphen rules for 'newzealand' set to \l@ukenglish
(babel)             (\language21). Reported on input line 108.
)) (/usr/share/texmf-dist/tex/latex/tools/calc.sty
Package: calc 2017/05/25 v4.3 Infix arithmetic (KKT,FJ)
\calc@Acount=\count187
\calc@Bcount=\count188
\calc@Adimen=\dimen139
\calc@Bdimen=\dimen140
\calc@Askip=\skip47
\calc@Bskip=\skip48
LaTeX Info: Redefining \setlength on input line 80.
LaTeX Info: Redefining \addtolength on input line 81.
\calc@Ccount=\count189
\calc@Cskip=\skip49
) (/usr/share/texmf-dist/tex/latex/etoolbox/etoolbox.sty
Package: etoolbox 2020/10/05 v2.5k e-TeX tools for LaTeX (JAW)
\etb@tempcnta=\count190
) (/usr/share/texmf-dist/tex/latex/regexpatch/regexpatch.sty (/usr/share/texmf-
dist/tex/latex/l3kernel/expl3.sty
Package: expl3 2022-02-24 L3 programming layer (loader) 
(/usr/share/texmf-dist/tex/latex/l3backend/l3backend-pdftex.def
File: l3backend-pdftex.def 2022-02-07 L3 backend support: PDF output (pdfTeX)
\l__color_backend_stack_int=\count191
\l__pdf_internal_box=\box50
))
Package: regexpatch 2021/03/21 v0.2f Extending etoolbox patching commands
(/usr/share/texmf-dist/tex/latex/l3packages/xparse/xparse.sty
Package: xparse 2022-01-12 L3 Experimental document command parser
)) (/usr/share/texmf-dist/tex/generic/iftex/ifxetex.sty
Package: ifxetex 2019/10/25 v0.7 ifxetex legacy package. Use iftex instead.
(/usr/share/texmf-dist/tex/generic/iftex/iftex.sty
Package: iftex 2022/02/03 v1.0f TeX engine tests
)) (/usr/share/texmf-dist/tex/generic/iftex/ifluatex.sty
Package: ifluatex 2019/10/25 v1.5 ifluatex legacy package. Use iftex instead.
) (/usr/share/texmf-dist/tex/latex/extsizes/extarticle.cls
Document Class: extarticle 1996/10/08 v1.0 Non Standard LaTeX document class
(/usr/share/texmf-dist/tex/latex/extsizes/size9.clo
File: size9.clo 1999/11/11 v1.4a NON-Standard LaTeX file (size option)
) (/usr/share/texmf-dist/tex/latex/base/exscale.sty
Package: exscale 2018/09/24 v2.1i Standard LaTeX package exscale
LaTeX Font Info:    Redeclaring symbol font `largesymbols' on input line 57.
LaTeX Font Info:    Overwriting symbol font `largesymbols' in version `normal'
(Font)                  OMX/cmex/m/n --> OMX/cmex/m/n on input line 57.
LaTeX Font Info:    Overwriting symbol font `largesymbols' in version `bold'
(Font)                  OMX/cmex/m/n --> OMX/cmex/m/n on input line 57.
\big@size=\dimen141
)
\c@part=\count192
\c@section=\count193
\c@subsection=\count194
\c@subsubsection=\count195
\c@paragraph=\count196
\c@subparagraph=\count197
\c@figure=\count198
\c@table=\count199
\abovecaptionskip=\skip50
\belowcaptionskip=\skip51
\bibindent=\dimen142
) (/usr/share/texmf-dist/tex/latex/amsmath/amsmath.sty
Package: amsmath 2021/10/15 v2.17l AMS math features
\@mathmargin=\skip52
For additional information on amsmath, use the `?' option.
(/usr/share/texmf-dist/tex/latex/amsmath/amstext.sty
Package: amstext 2021/08/26 v2.01 AMS text
(/usr/share/texmf-dist/tex/latex/amsmath/amsgen.sty
File: amsgen.sty 1999/11/30 v2.0 generic functions
\@emptytoks=\toks16
\ex@=\dimen143
)) (/usr/share/texmf-dist/tex/latex/amsmath/amsbsy.sty
Package: amsbsy 1999/11/29 v1.2d Bold Symbols
\pmbraise@=\dimen144
) (/usr/share/texmf-dist/tex/latex/amsmath/amsopn.sty
Package: amsopn 2021/08/26 v2.02 operator names
)
\inf@bad=\count266
LaTeX Info: Redefining \frac on input line 234.
\uproot@=\count267
\leftroot@=\count268
LaTeX Info: Redefining \overline on input line 399.
\classnum@=\count269
\DOTSCASE@=\count270
LaTeX Info: Redefining \ldots on input line 496.
LaTeX Info: Redefining \dots on input line 499.
LaTeX Info: Redefining \cdots on input line 620.
\Mathstrutbox@=\box51
\strutbox@=\box52
\big@size=\dimen145
LaTeX Font Info:    Redeclaring font encoding OML on input line 743.
LaTeX Font Info:    Redeclaring font encoding OMS on input line 744.
\macc@depth=\count271
\c@MaxMatrixCols=\count272
\dotsspace@=\muskip16
\c@parentequation=\count273
\dspbrk@lvl=\count274
\tag@help=\toks17
\row@=\count275
\column@=\count276
\maxfields@=\count277
\andhelp@=\toks18
\eqnshift@=\dimen146
\alignsep@=\dimen147
\tagshift@=\dimen148
\tagwidth@=\dimen149
\totwidth@=\dimen150
\lineht@=\dimen151
\@envbody=\toks19
\multlinegap=\skip53
\multlinetaggap=\skip54
\mathdisplay@stack=\toks20
LaTeX Info: Redefining \[ on input line 2938.
LaTeX Info: Redefining \] on input line 2939.
) (/usr/share/texmf-dist/tex/latex/mdframed/mdframed.sty
Package: mdframed 2013/07/01 1.9b: mdframed
(/usr/share/texmf-dist/tex/latex/kvoptions/kvoptions.sty
Package: kvoptions 2020-10-07 v3.14 Key value format for package options (HO)
(/usr/share/texmf-dist/tex/latex/graphics/keyval.sty
Package: keyval 2014/10/28 v1.15 key=value parser (DPC)
\KV@toks@=\toks21
) (/usr/share/texmf-dist/tex/generic/ltxcmds/ltxcmds.sty
Package: ltxcmds 2020-05-10 v1.25 LaTeX kernel commands for general use (HO)
) (/usr/share/texmf-dist/tex/generic/kvsetkeys/kvsetkeys.sty
Package: kvsetkeys 2019/12/15 v1.18 Key value parser (HO)
)) (/usr/share/texmf-dist/tex/latex/zref/zref-abspage.sty
Package: zref-abspage 2020-07-03 v2.32 Module abspage for zref (HO)
(/usr/share/texmf-dist/tex/latex/zref/zref-base.sty
Package: zref-base 2020-07-03 v2.32 Module base for zref (HO)
(/usr/share/texmf-dist/tex/generic/infwarerr/infwarerr.sty
Package: infwarerr 2019/12/03 v1.5 Providing info/warning/error messages (HO)
) (/usr/share/texmf-dist/tex/generic/kvdefinekeys/kvdefinekeys.sty
Package: kvdefinekeys 2019-12-19 v1.6 Define keys (HO)
) (/usr/share/texmf-dist/tex/generic/pdftexcmds/pdftexcmds.sty
Package: pdftexcmds 2020-06-27 v0.33 Utility functions of pdfTeX for LuaTeX (HO
)
Package pdftexcmds Info: \pdf@primitive is available.
Package pdftexcmds Info: \pdf@ifprimitive is available.
Package pdftexcmds Info: \pdfdraftmode found.
) (/usr/share/texmf-dist/tex/generic/etexcmds/etexcmds.sty
Package: etexcmds 2019/12/15 v1.7 Avoid name clashes with e-TeX commands (HO)
) (/usr/share/texmf-dist/tex/latex/auxhook/auxhook.sty
Package: auxhook 2019-12-17 v1.6 Hooks for auxiliary files (HO)
)
Package zref Info: New property list: main on input line 764.
Package zref Info: New property: default on input line 765.
Package zref Info: New property: page on input line 766.
) (/usr/share/texmf-dist/tex/latex/base/atbegshi-ltx.sty
Package: atbegshi-ltx 2021/01/10 v1.0c Emulation of the original atbegshi
package with kernel methods
)
\c@abspage=\count278
Package zref Info: New property: abspage on input line 66.
) (/usr/share/texmf-dist/tex/latex/needspace/needspace.sty
Package: needspace 2010/09/12 v1.3d reserve vertical space
) (/usr/share/texmf-dist/tex/latex/graphics/color.sty
Package: color 2021/12/07 v1.3c Standard LaTeX Color (DPC)
(/usr/share/texmf-dist/tex/latex/graphics-cfg/color.cfg
File: color.cfg 2016/01/02 v1.6 sample color configuration
)
Package color Info: Driver file: pdftex.def on input line 149.
(/usr/share/texmf-dist/tex/latex/graphics-def/pdftex.def
File: pdftex.def 2020/10/05 v1.2a Graphics/color driver for pdftex
))
\mdf@templength=\skip55
\c@mdf@globalstyle@cnt=\count279
\mdf@skipabove@length=\skip56
\mdf@skipbelow@length=\skip57
\mdf@leftmargin@length=\skip58
\mdf@rightmargin@length=\skip59
\mdf@innerleftmargin@length=\skip60
\mdf@innerrightmargin@length=\skip61
\mdf@innertopmargin@length=\skip62
\mdf@innerbottommargin@length=\skip63
\mdf@splittopskip@length=\skip64
\mdf@splitbottomskip@length=\skip65
\mdf@outermargin@length=\skip66
\mdf@innermargin@length=\skip67
\mdf@linewidth@length=\skip68
\mdf@innerlinewidth@length=\skip69
\mdf@middlelinewidth@length=\skip70
\mdf@outerlinewidth@length=\skip71
\mdf@roundcorner@length=\skip72
\mdf@footenotedistance@length=\skip73
\mdf@userdefinedwidth@length=\skip74
\mdf@needspace@length=\skip75
\mdf@frametitleaboveskip@length=\skip76
\mdf@frametitlebelowskip@length=\skip77
\mdf@frametitlerulewidth@length=\skip78
\mdf@frametitleleftmargin@length=\skip79
\mdf@frametitlerightmargin@length=\skip80
\mdf@shadowsize@length=\skip81
\mdf@extratopheight@length=\skip82
\mdf@subtitleabovelinewidth@length=\skip83
\mdf@subtitlebelowlinewidth@length=\skip84
\mdf@subtitleaboveskip@length=\skip85
\mdf@subtitlebelowskip@length=\skip86
\mdf@subtitleinneraboveskip@length=\skip87
\mdf@subtitleinnerbelowskip@length=\skip88
\mdf@subsubtitleabovelinewidth@length=\skip89
\mdf@subsubtitlebelowlinewidth@length=\skip90
\mdf@subsubtitleaboveskip@length=\skip91
\mdf@subsubtitlebelowskip@length=\skip92
\mdf@subsubtitleinneraboveskip@length=\skip93
\mdf@subsubtitleinnerbelowskip@length=\skip94
(/usr/share/texmf-dist/tex/latex/mdframed/md-frame-0.mdf
File: md-frame-0.mdf 2013/07/01\ 1.9b: md-frame-0
)
\mdf@frametitlebox=\box53
\mdf@footnotebox=\box54
\mdf@splitbox@one=\box55
\mdf@splitbox@two=\box56
\mdf@splitbox@save=\box57
\mdfsplitboxwidth=\skip95
\mdfsplitboxtotalwidth=\skip96
\mdfsplitboxheight=\skip97
\mdfsplitboxdepth=\skip98
\mdfsplitboxtotalheight=\skip99
\mdfframetitleboxwidth=\skip100
\mdfframetitleboxtotalwidth=\skip101
\mdfframetitleboxheight=\skip102
\mdfframetitleboxdepth=\skip103
\mdfframetitleboxtotalheight=\skip104
\mdffootnoteboxwidth=\skip105
\mdffootnoteboxtotalwidth=\skip106
\mdffootnoteboxheight=\skip107
\mdffootnoteboxdepth=\skip108
\mdffootnoteboxtotalheight=\skip109
\mdftotallinewidth=\skip110
\mdfboundingboxwidth=\skip111
\mdfboundingboxtotalwidth=\skip112
\mdfboundingboxheight=\skip113
\mdfboundingboxdepth=\skip114
\mdfboundingboxtotalheight=\skip115
\mdf@freevspace@length=\skip116
\mdf@horizontalwidthofbox@length=\skip117
\mdf@verticalmarginwhole@length=\skip118
\mdf@horizontalspaceofbox=\skip119
\mdfsubtitleheight=\skip120
\mdfsubsubtitleheight=\skip121
\c@mdfcountframes=\count280

****** mdframed patching \endmdf@trivlist

****** -- success******

\mdf@envdepth=\count281
\c@mdf@env@i=\count282
\c@mdf@env@ii=\count283
\c@mdf@zref@counter=\count284
Package zref Info: New property: mdf@pagevalue on input line 895.
) (/usr/share/texmf-dist/tex/latex/lineno/lineno.sty
Package: lineno 2005/11/02 line numbers on paragraphs v4.41
\linenopenalty=\count285
\output=\toks22
\linenoprevgraf=\count286
\linenumbersep=\dimen152
\linenumberwidth=\dimen153
\c@linenumber=\count287
\c@pagewiselinenumber=\count288
\c@LN@truepage=\count289
\c@internallinenumber=\count290
\c@internallinenumbers=\count291
\quotelinenumbersep=\dimen154
\bframerule=\dimen155
\bframesep=\dimen156
\bframebox=\box58
LaTeX Info: Redefining \\ on input line 3056.
) (/usr/share/texmf-dist/tex/latex/base/fontenc.sty
Package: fontenc 2021/04/29 v2.0v Standard LaTeX package
) (/usr/share/texmf-dist/tex/latex/base/inputenc.sty
Package: inputenc 2021/02/14 v1.3d Input encoding file
\inpenc@prehook=\toks23
\inpenc@posthook=\toks24
) (/usr/share/texmf-dist/tex/latex/stix/stix.sty
Package: stix 2018/04/17 v1.1.3-latex STIX fonts support package
(/usr/share/texmf-dist/tex/latex/base/textcomp.sty
Package: textcomp 2020/02/02 v2.0n Standard LaTeX package
LaTeX Font Info:    Changing ? sub-encoding to TS1/0 on input line 78.
)
Now handling font encoding LS1 ...
... no UTF-8 mapping file for font encoding LS1
Now handling font encoding LS2 ...
... no UTF-8 mapping file for font encoding LS2
LaTeX Font Info:    Redeclaring symbol font `letters' on input line 76.
LaTeX Font Info:    Encoding `OML' has changed to `LS1' for symbol font
(Font)              `letters' in the math version `normal' on input line 76.
LaTeX Font Info:    Overwriting symbol font `letters' in version `normal'
(Font)                  OML/cmm/m/it --> LS1/stix/m/it on input line 76.
LaTeX Font Info:    Encoding `OML' has changed to `LS1' for symbol font
(Font)              `letters' in the math version `bold' on input line 76.
LaTeX Font Info:    Overwriting symbol font `letters' in version `bold'
(Font)                  OML/cmm/b/it --> LS1/stix/m/it on input line 76.
LaTeX Font Info:    Redeclaring symbol font `operators' on input line 77.
LaTeX Font Info:    Encoding `OT1' has changed to `LS1' for symbol font
(Font)              `operators' in the math version `normal' on input line 77.
LaTeX Font Info:    Overwriting symbol font `operators' in version `normal'
(Font)                  OT1/cmr/m/n --> LS1/stix/m/n on input line 77.
LaTeX Font Info:    Encoding `OT1' has changed to `LS1' for symbol font
(Font)              `operators' in the math version `bold' on input line 77.
LaTeX Font Info:    Overwriting symbol font `operators' in version `bold'
(Font)                  OT1/cmr/bx/n --> LS1/stix/m/n on input line 77.
\symbold-operators=\mathgroup4
LaTeX Font Info:    Redeclaring symbol font `symbols' on input line 79.
LaTeX Font Info:    Encoding `OMS' has changed to `LS1' for symbol font
(Font)              `symbols' in the math version `normal' on input line 79.
LaTeX Font Info:    Overwriting symbol font `symbols' in version `normal'
(Font)                  OMS/cmsy/m/n --> LS1/stixscr/m/n on input line 79.
LaTeX Font Info:    Encoding `OMS' has changed to `LS1' for symbol font
(Font)              `symbols' in the math version `bold' on input line 79.
LaTeX Font Info:    Overwriting symbol font `symbols' in version `bold'
(Font)                  OMS/cmsy/b/n --> LS1/stixscr/m/n on input line 79.
\symsymbols2=\mathgroup5
\symsymbols3=\mathgroup6
\symsymbols4=\mathgroup7
\symintegrals=\mathgroup8
LaTeX Font Info:    Redeclaring symbol font `largesymbols' on input line 84.
LaTeX Font Info:    Encoding `OMX' has changed to `LS2' for symbol font
(Font)              `largesymbols' in the math version `normal' on input line 8
4.
LaTeX Font Info:    Overwriting symbol font `largesymbols' in version `normal'
(Font)                  OMX/cmex/m/n --> LS2/stixex/m/n on input line 84.
LaTeX Font Info:    Encoding `OMX' has changed to `LS2' for symbol font
(Font)              `largesymbols' in the math version `bold' on input line 84.

LaTeX Font Info:    Overwriting symbol font `largesymbols' in version `bold'
(Font)                  OMX/cmex/m/n --> LS2/stixex/m/n on input line 84.
\symarrows1=\mathgroup9
\symarrows2=\mathgroup10
\symarrows3=\mathgroup11
LaTeX Font Info:    Overwriting symbol font `letters' in version `bold'
(Font)                  LS1/stix/m/it --> LS1/stix/b/it on input line 88.
LaTeX Font Info:    Overwriting symbol font `operators' in version `bold'
(Font)                  LS1/stix/m/n --> LS1/stix/b/n on input line 89.
LaTeX Font Info:    Overwriting symbol font `symbols' in version `bold'
(Font)                  LS1/stixscr/m/n --> LS1/stixscr/b/n on input line 90.
LaTeX Font Info:    Overwriting symbol font `symbols2' in version `bold'
(Font)                  LS1/stixfrak/m/n --> LS1/stixfrak/b/n on input line 91.

LaTeX Font Info:    Overwriting symbol font `symbols3' in version `bold'
(Font)                  LS1/stixbb/m/n --> LS1/stixbb/b/n on input line 92.
LaTeX Font Info:    Overwriting symbol font `symbols4' in version `bold'
(Font)                  LS1/stixbb/m/it --> LS1/stixbb/b/it on input line 93.
LaTeX Font Info:    Overwriting symbol font `integrals' in version `bold'
(Font)                  LS2/stixcal/m/n --> LS2/stixcal/b/n on input line 94.
LaTeX Font Info:    Overwriting symbol font `largesymbols' in version `bold'
(Font)                  LS2/stixex/m/n --> LS2/stixex/b/n on input line 95.
LaTeX Font Info:    Overwriting symbol font `arrows1' in version `bold'
(Font)                  LS1/stixsf/m/n --> LS1/stixsf/b/n on input line 96.
LaTeX Font Info:    Overwriting symbol font `arrows2' in version `bold'
(Font)                  LS1/stixsf/m/it --> LS1/stixsf/b/it on input line 97.
LaTeX Font Info:    Overwriting symbol font `arrows3' in version `bold'
(Font)                  LS2/stixtt/m/n --> LS2/stixtt/b/n on input line 98.
LaTeX Font Info:    Redeclaring math alphabet \mathit on input line 99.
LaTeX Font Info:    Redeclaring math alphabet \mathsf on input line 106.
LaTeX Font Info:    Redeclaring math alphabet \mathtt on input line 108.
LaTeX Font Info:    Redeclaring math alphabet \mathbf on input line 109.
LaTeX Font Info:    Redeclaring math symbol \hbar on input line 227.
LaTeX Font Info:    Redeclaring math accent \grave on input line 698.
LaTeX Font Info:    Redeclaring math accent \acute on input line 699.
LaTeX Font Info:    Redeclaring math accent \hat on input line 700.
LaTeX Font Info:    Redeclaring math accent \tilde on input line 701.
LaTeX Font Info:    Redeclaring math accent \bar on input line 702.
LaTeX Font Info:    Redeclaring math accent \breve on input line 703.
LaTeX Font Info:    Redeclaring math accent \dot on input line 704.
LaTeX Font Info:    Redeclaring math accent \ddot on input line 705.
LaTeX Font Info:    Redeclaring math accent \mathring on input line 707.
LaTeX Font Info:    Redeclaring math accent \check on input line 708.
LaTeX Font Info:    Redeclaring math accent \vec on input line 716.
LaTeX Font Info:    Redeclaring math accent \widehat on input line 728.
LaTeX Font Info:    Redeclaring math accent \widetilde on input line 729.
LaTeX Info: Redefining \vdots on input line 1518.
LaTeX Info: Redefining \cdots on input line 1522.
LaTeX Font Info:    Redeclaring math symbol \mathsterling on input line 1978.
LaTeX Info: Redefining \not on input line 2144.
) (/usr/share/texmf-dist/tex/latex/opensans/opensans.sty
Package: opensans 2019/06/20 Style file for Open Sans.
(/usr/share/texmf-dist/tex/latex/fontaxes/fontaxes.sty
Package: fontaxes 2020/07/21 v1.0e Font selection axes
LaTeX Info: Redefining \upshape on input line 29.
LaTeX Info: Redefining \itshape on input line 31.
LaTeX Info: Redefining \slshape on input line 33.
LaTeX Info: Redefining \swshape on input line 35.
LaTeX Info: Redefining \scshape on input line 37.
LaTeX Info: Redefining \sscshape on input line 39.
LaTeX Info: Redefining \ulcshape on input line 41.
LaTeX Info: Redefining \textsw on input line 47.
LaTeX Info: Redefining \textssc on input line 48.
LaTeX Info: Redefining \textulc on input line 49.
) (/usr/share/texmf-dist/tex/latex/xkeyval/xkeyval.sty
Package: xkeyval 2020/11/20 v2.8 package option processing (HA)
(/usr/share/texmf-dist/tex/generic/xkeyval/xkeyval.tex (/usr/share/texmf-dist/t
ex/generic/xkeyval/xkvutils.tex
\XKV@toks=\toks25
\XKV@tempa@toks=\toks26
)
\XKV@depth=\count292
File: xkeyval.tex 2014/12/03 v2.7a key=value parser (HA)
))) (/usr/share/texmf-dist/tex/latex/microtype/microtype.sty
Package: microtype 2022/03/14 v3.0d Micro-typographical refinements (RS)
\MT@toks=\toks27
\MT@tempbox=\box59
\MT@count=\count293
LaTeX Info: Redefining \noprotrusionifhmode on input line 1027.
LaTeX Info: Redefining \leftprotrusion on input line 1028.
LaTeX Info: Redefining \rightprotrusion on input line 1036.
LaTeX Info: Redefining \textls on input line 1195.
\MT@outer@kern=\dimen157
LaTeX Info: Redefining \textmicrotypecontext on input line 1781.
\MT@listname@count=\count294
(/usr/share/texmf-dist/tex/latex/microtype/microtype-pdftex.def
File: microtype-pdftex.def 2022/03/14 v3.0d Definitions specific to pdftex (RS)

LaTeX Info: Redefining \lsstyle on input line 900.
LaTeX Info: Redefining \lslig on input line 900.
\MT@outer@space=\skip122
)
Package microtype Info: Loading configuration file microtype.cfg.
(/usr/share/texmf-dist/tex/latex/microtype/microtype.cfg
File: microtype.cfg 2022/03/14 v3.0d microtype main configuration file (RS)
)) (/usr/share/texmf-dist/tex/latex/graphics/graphicx.sty
Package: graphicx 2021/09/16 v1.2d Enhanced LaTeX Graphics (DPC,SPQR)
(/usr/share/texmf-dist/tex/latex/graphics/graphics.sty
Package: graphics 2021/03/04 v1.4d Standard LaTeX Graphics (DPC,SPQR)
(/usr/share/texmf-dist/tex/latex/graphics/trig.sty
Package: trig 2021/08/11 v1.11 sin cos tan (DPC)
) (/usr/share/texmf-dist/tex/latex/graphics-cfg/graphics.cfg
File: graphics.cfg 2016/06/04 v1.11 sample graphics configuration
)
Package graphics Info: Driver file: pdftex.def on input line 107.
)
\Gin@req@height=\dimen158
\Gin@req@width=\dimen159
) (/usr/share/texmf-dist/tex/latex/xcolor/xcolor.sty
Package: xcolor 2021/10/31 v2.13 LaTeX color extensions (UK)
(/usr/share/texmf-dist/tex/latex/graphics-cfg/color.cfg
File: color.cfg 2016/01/02 v1.6 sample color configuration
)
Package xcolor Info: Driver file: pdftex.def on input line 227.
LaTeX Info: Redefining \color on input line 711.
Package xcolor Info: Model `cmy' substituted by `cmy0' on input line 1352.
Package xcolor Info: Model `hsb' substituted by `rgb' on input line 1356.
Package xcolor Info: Model `RGB' extended on input line 1368.
Package xcolor Info: Model `HTML' substituted by `rgb' on input line 1370.
Package xcolor Info: Model `Hsb' substituted by `hsb' on input line 1371.
Package xcolor Info: Model `tHsb' substituted by `hsb' on input line 1372.
Package xcolor Info: Model `HSB' substituted by `hsb' on input line 1373.
Package xcolor Info: Model `Gray' substituted by `gray' on input line 1374.
Package xcolor Info: Model `wave' substituted by `hsb' on input line 1375.
) (/usr/share/texmf-dist/tex/latex/booktabs/booktabs.sty
Package: booktabs 2020/01/12 v1.61803398 Publication quality tables
\heavyrulewidth=\dimen160
\lightrulewidth=\dimen161
\cmidrulewidth=\dimen162
\belowrulesep=\dimen163
\belowbottomsep=\dimen164
\aboverulesep=\dimen165
\abovetopsep=\dimen166
\cmidrulesep=\dimen167
\cmidrulekern=\dimen168
\defaultaddspace=\dimen169
\@cmidla=\count295
\@cmidlb=\count296
\@aboverulesep=\dimen170
\@belowrulesep=\dimen171
\@thisruleclass=\count297
\@lastruleclass=\count298
\@thisrulewidth=\dimen172
) (/usr/share/texmf-dist/tex/latex/preprint/authblk.sty
Package: authblk 2001/02/27 1.3 (PWD)
\affilsep=\skip123
\@affilsep=\skip124
\c@Maxaffil=\count299
\c@authors=\count300
\c@affil=\count301
) (/usr/share/texmf-dist/tex/latex/geometry/geometry.sty
Package: geometry 2020/01/02 v5.9 Page Geometry
(/usr/share/texmf-dist/tex/generic/iftex/ifvtex.sty
Package: ifvtex 2019/10/25 v1.7 ifvtex legacy package. Use iftex instead.
)
\Gm@cnth=\count302
\Gm@cntv=\count303
\c@Gm@tempcnt=\count304
\Gm@bindingoffset=\dimen173
\Gm@wd@mp=\dimen174
\Gm@odd@mp=\dimen175
\Gm@even@mp=\dimen176
\Gm@layoutwidth=\dimen177
\Gm@layoutheight=\dimen178
\Gm@layouthoffset=\dimen179
\Gm@layoutvoffset=\dimen180
\Gm@dimlist=\toks28
) (/usr/share/texmf-dist/tex/latex/changepage/changepage.sty
Package: changepage 2009/10/20 v1.0c check page and change page layout
\c@cp@cntr=\count305
\cp@tempcnt=\count306
) (/usr/share/texmf-dist/tex/latex/silence/silence.sty
Package: silence 2012/07/02 v1.5b Selective filtering of warnings and error mes
sages
\sl@Save=\count307
\sl@StateNumber=\count308
\sl@MessageCount=\count309
\sl@Casualties=\count310
\sl@Filter=\toks29
\sl@Message=\toks30
\sl@UnexpandedMessage=\toks31
\sl@Mess@ge=\toks32
\sl@WarningCount=\count311
\sl@WarningNumber=\count312
\sl@WarningCasualties=\count313
\sl@TempBOW=\toks33
\sl@BankOfWarnings=\toks34
LaTeX Info: Redefining \GenericWarning on input line 433.
\sl@ErrorCount=\count314
\sl@ErrorNumber=\count315
\sl@ErrorCasualties=\count316
\sl@TempBOE=\toks35
\sl@BankOfErrors=\toks36
LaTeX Info: Redefining \GenericError on input line 601.
) (/usr/share/texmf-dist/tex/latex/caption/caption.sty
Package: caption 2022/03/01 v3.6b Customizing captions (AR)
(/usr/share/texmf-dist/tex/latex/caption/caption3.sty
Package: caption3 2022/03/17 v2.3b caption3 kernel (AR)
\caption@tempdima=\dimen181
\captionmargin=\dimen182
\caption@leftmargin=\dimen183
\caption@rightmargin=\dimen184
\caption@width=\dimen185
\caption@indent=\dimen186
\caption@parindent=\dimen187
\caption@hangindent=\dimen188
Package caption Info: Standard document class detected.
)
\c@caption@flags=\count317
\c@continuedfloat=\count318
Package caption Info: changepage package is loaded.
\caption@adjustwidth@hsize=\dimen189
\caption@adjustwidth@linewidth=\dimen190
) (/usr/share/texmf-dist/tex/latex/natbib/natbib.sty
Package: natbib 2010/09/13 8.31b (PWD, AO)
\bibhang=\skip125
\bibsep=\skip126
LaTeX Info: Redefining \cite on input line 694.
\c@NAT@ctr=\count319
) (/usr/share/texmf-dist/tex/latex/fancyhdr/fancyhdr.sty
Package: fancyhdr 2021/01/28 v4.0.1 Extensive control of page headers and foote
rs
\f@nch@headwidth=\skip127
\f@nch@O@elh=\skip128
\f@nch@O@erh=\skip129
\f@nch@O@olh=\skip130
\f@nch@O@orh=\skip131
\f@nch@O@elf=\skip132
\f@nch@O@erf=\skip133
\f@nch@O@olf=\skip134
\f@nch@O@orf=\skip135
) (/usr/share/texmf-dist/tex/latex/lastpage/lastpage.sty
Package: lastpage 2021/09/03 v1.2n Refers to last page's name (HMM; JPG)
) (/usr/share/texmf-dist/tex/latex/enumitem/enumitem.sty
Package: enumitem 2019/06/20 v3.9 Customized lists
\labelindent=\skip136
\enit@outerparindent=\dimen191
\enit@toks=\toks37
\enit@inbox=\box60
\enit@count@id=\count320
\enitdp@description=\count321
) (/usr/share/texmf-dist/tex/generic/alphalph/alphalph.sty
Package: alphalph 2019/12/09 v2.6 Convert numbers to letters (HO)
(/usr/share/texmf-dist/tex/generic/intcalc/intcalc.sty
Package: intcalc 2019/12/15 v1.3 Expandable calculations with integers (HO)
))
\c@authorfn=\count322
(/usr/share/texmf-dist/tex/latex/newfloat/newfloat.sty
Package: newfloat 2019/09/02 v1.1l Defining new floating environments (AR)
) (/usr/share/texmf-dist/tex/latex/wrapfig/wrapfig.sty
\wrapoverhang=\dimen192
\WF@size=\dimen193
\c@WF@wrappedlines=\count323
\WF@box=\box61
\WF@everypar=\toks38
Package: wrapfig 2003/01/31  v 3.6
)
Package newfloat Info: New float `featurebox' with options `placement=btp,name=
Box' on input line 279.
\c@featurebox=\count324
\newfloat@ftype=\count325
Package newfloat Info: float type `featurebox'=8 on input line 279.
\c@featurefigure=\count326
\c@featuretable=\count327
\c@figsupp=\count328
\c@data=\count329
\c@srccode=\count330
\c@video=\count331
\c@videosupp=\count332
(/usr/share/texmf-dist/tex/latex/newfile/newfile.sty
Package: newfile 2009/09/03 v1.0c Output and input files
(/usr/share/texmf-dist/tex/latex/tools/verbatim.sty
Package: verbatim 2020-07-07 v1.5u LaTeX2e package for verbatim enhancements
\every@verbatim=\toks39
\verbatim@line=\toks40
\verbatim@in@stream=\read3
)
\c@streamvline=\count333
)
\suppinfooutstre@m=\write3
\openout3 = `proteomic_paper_2020-02-11.suppinfo'.

\c@appendix=\count334
(/usr/share/texmf-dist/tex/latex/hyperref/hyperref.sty
Package: hyperref 2022-02-21 v7.00n Hypertext links for LaTeX
(/usr/share/texmf-dist/tex/generic/pdfescape/pdfescape.sty
Package: pdfescape 2019/12/09 v1.15 Implements pdfTeX's escape features (HO)
) (/usr/share/texmf-dist/tex/latex/hycolor/hycolor.sty
Package: hycolor 2020-01-27 v1.10 Color options for hyperref/bookmark (HO)
) (/usr/share/texmf-dist/tex/latex/letltxmacro/letltxmacro.sty
Package: letltxmacro 2019/12/03 v1.6 Let assignment for LaTeX macros (HO)
)
\@linkdim=\dimen194
\Hy@linkcounter=\count335
\Hy@pagecounter=\count336
(/usr/share/texmf-dist/tex/latex/hyperref/pd1enc.def
File: pd1enc.def 2022-02-21 v7.00n Hyperref: PDFDocEncoding definition (HO)
Now handling font encoding PD1 ...
... no UTF-8 mapping file for font encoding PD1
)
\Hy@SavedSpaceFactor=\count337
(/usr/share/texmf-dist/tex/latex/hyperref/puenc.def
File: puenc.def 2022-02-21 v7.00n Hyperref: PDF Unicode definition (HO)
Now handling font encoding PU ...
... no UTF-8 mapping file for font encoding PU
)
Package hyperref Info: Option `unicode' set `true' on input line 4018.
Package hyperref Info: Hyper figures OFF on input line 4137.
Package hyperref Info: Link nesting OFF on input line 4142.
Package hyperref Info: Hyper index ON on input line 4145.
Package hyperref Info: Plain pages OFF on input line 4152.
Package hyperref Info: Backreferencing OFF on input line 4157.
Package hyperref Info: Implicit mode ON; LaTeX internals redefined.
Package hyperref Info: Bookmarks ON on input line 4390.
\c@Hy@tempcnt=\count338
(/usr/share/texmf-dist/tex/latex/url/url.sty
\Urlmuskip=\muskip17
Package: url 2013/09/16  ver 3.4  Verb mode for urls, etc.
)
LaTeX Info: Redefining \url on input line 4749.
\XeTeXLinkMargin=\dimen195
(/usr/share/texmf-dist/tex/generic/bitset/bitset.sty
Package: bitset 2019/12/09 v1.3 Handle bit-vector datatype (HO)
(/usr/share/texmf-dist/tex/generic/bigintcalc/bigintcalc.sty
Package: bigintcalc 2019/12/15 v1.5 Expandable calculations on big integers (HO
)
))
\Fld@menulength=\count339
\Field@Width=\dimen196
\Fld@charsize=\dimen197
Package hyperref Info: Hyper figures OFF on input line 6027.
Package hyperref Info: Link nesting OFF on input line 6032.
Package hyperref Info: Hyper index ON on input line 6035.
Package hyperref Info: backreferencing OFF on input line 6042.
Package hyperref Info: Link coloring OFF on input line 6047.
Package hyperref Info: Link coloring with OCG OFF on input line 6052.
Package hyperref Info: PDF/A mode OFF on input line 6057.
LaTeX Info: Redefining \ref on input line 6097.
LaTeX Info: Redefining \pageref on input line 6101.
\Hy@abspage=\count340
\c@Item=\count341
\c@Hfootnote=\count342
)
Package hyperref Info: Driver (autodetected): hpdftex.
(/usr/share/texmf-dist/tex/latex/hyperref/hpdftex.def
File: hpdftex.def 2022-02-21 v7.00n Hyperref driver for pdfTeX
(/usr/share/texmf-dist/tex/latex/base/atveryend-ltx.sty
Package: atveryend-ltx 2020/08/19 v1.0a Emulation of the original atveryend pac
kage
with kernel methods
)
\HyAnn@Count=\count343
\Fld@listcount=\count344
\c@bookmark@seq@number=\count345
(/usr/share/texmf-dist/tex/latex/rerunfilecheck/rerunfilecheck.sty
Package: rerunfilecheck 2019/12/05 v1.9 Rerun checks for auxiliary files (HO)
(/usr/share/texmf-dist/tex/generic/uniquecounter/uniquecounter.sty
Package: uniquecounter 2019/12/15 v1.4 Provide unlimited unique counter (HO)
)
Package uniquecounter Info: New unique counter `rerunfilecheck' on input line 2
86.
)
\Hy@SectionHShift=\skip137
)
Package hyperref Info: Option `colorlinks' set `true' on input line 413.
Package hyperref Info: Option `hypertexnames' set `false' on input line 413.
) (/usr/share/texmf-dist/tex/latex/amsfonts/amssymb.sty
Package: amssymb 2013/01/14 v3.01 AMS font symbols
(/usr/share/texmf-dist/tex/latex/amsfonts/amsfonts.sty
Package: amsfonts 2013/01/14 v3.01 Basic AMSFonts support
\symAMSa=\mathgroup12
\symAMSb=\mathgroup13
)

Package amssymb Warning: The 'amssymb' package is redundant when you are using 
the 'stix' package, so I'm not going to load amssymb.

) (/usr/share/texmf-dist/tex/latex/lm/lmodern.sty
Package: lmodern 2015/05/01 v1.6.1 Latin Modern Fonts
LaTeX Font Info:    Encoding `LS1' has changed to `OT1' for symbol font
(Font)              `operators' in the math version `normal' on input line 22.
LaTeX Font Info:    Overwriting symbol font `operators' in version `normal'
(Font)                  LS1/stix/m/n --> OT1/lmr/m/n on input line 22.
LaTeX Font Info:    Encoding `LS1' has changed to `OML' for symbol font
(Font)              `letters' in the math version `normal' on input line 23.
LaTeX Font Info:    Overwriting symbol font `letters' in version `normal'
(Font)                  LS1/stix/m/it --> OML/lmm/m/it on input line 23.
LaTeX Font Info:    Encoding `LS1' has changed to `OMS' for symbol font
(Font)              `symbols' in the math version `normal' on input line 24.
LaTeX Font Info:    Overwriting symbol font `symbols' in version `normal'
(Font)                  LS1/stixscr/m/n --> OMS/lmsy/m/n on input line 24.
LaTeX Font Info:    Encoding `LS2' has changed to `OMX' for symbol font
(Font)              `largesymbols' in the math version `normal' on input line 2
5.
LaTeX Font Info:    Overwriting symbol font `largesymbols' in version `normal'
(Font)                  LS2/stixex/m/n --> OMX/lmex/m/n on input line 25.
LaTeX Font Info:    Encoding `LS1' has changed to `OT1' for symbol font
(Font)              `operators' in the math version `bold' on input line 26.
LaTeX Font Info:    Overwriting symbol font `operators' in version `bold'
(Font)                  LS1/stix/b/n --> OT1/lmr/bx/n on input line 26.
LaTeX Font Info:    Encoding `LS1' has changed to `OML' for symbol font
(Font)              `letters' in the math version `bold' on input line 27.
LaTeX Font Info:    Overwriting symbol font `letters' in version `bold'
(Font)                  LS1/stix/b/it --> OML/lmm/b/it on input line 27.
LaTeX Font Info:    Encoding `LS1' has changed to `OMS' for symbol font
(Font)              `symbols' in the math version `bold' on input line 28.
LaTeX Font Info:    Overwriting symbol font `symbols' in version `bold'
(Font)                  LS1/stixscr/b/n --> OMS/lmsy/b/n on input line 28.
LaTeX Font Info:    Encoding `LS2' has changed to `OMX' for symbol font
(Font)              `largesymbols' in the math version `bold' on input line 29.

LaTeX Font Info:    Overwriting symbol font `largesymbols' in version `bold'
(Font)                  LS2/stixex/b/n --> OMX/lmex/m/n on input line 29.
LaTeX Font Info:    Overwriting math alphabet `\mathbf' in version `normal'
(Font)                  LS1/stix/b/n --> OT1/lmr/bx/n on input line 31.
LaTeX Font Info:    Overwriting math alphabet `\mathsf' in version `normal'
(Font)                  LS1/stixsf/m/n --> OT1/lmss/m/n on input line 32.
LaTeX Font Info:    Overwriting math alphabet `\mathit' in version `normal'
(Font)                  OML/lmm/m/it --> OT1/lmr/m/it on input line 33.
LaTeX Font Info:    Overwriting math alphabet `\mathtt' in version `normal'
(Font)                  LS2/stixtt/m/n --> OT1/lmtt/m/n on input line 34.
LaTeX Font Info:    Overwriting math alphabet `\mathbf' in version `bold'
(Font)                  LS1/stix/b/n --> OT1/lmr/bx/n on input line 35.
LaTeX Font Info:    Overwriting math alphabet `\mathsf' in version `bold'
(Font)                  LS1/stixsf/b/n --> OT1/lmss/bx/n on input line 36.
LaTeX Font Info:    Overwriting math alphabet `\mathit' in version `bold'
(Font)                  OML/lmm/b/it --> OT1/lmr/bx/it on input line 37.
LaTeX Font Info:    Overwriting math alphabet `\mathtt' in version `bold'
(Font)                  LS2/stixtt/b/n --> OT1/lmtt/m/n on input line 38.
) (/usr/share/texmf-dist/tex/latex/base/fontenc.sty
Package: fontenc 2021/04/29 v2.0v Standard LaTeX package
LaTeX Font Info:    Trying to load font information for T1+opensans-TLF on inpu
t line 112.
(/usr/share/texmf-dist/tex/latex/opensans/T1opensans-TLF.fd
File: T1opensans-TLF.fd 2019/06/24 Font definitions for T1/opensans-TLF.
)
LaTeX Font Info:    Font shape `T1/opensans-TLF/m/n' will be
(Font)              scaled to size 9.0pt on input line 112.
) (/usr/share/texmf-dist/tex/latex/upquote/upquote.sty
Package: upquote 2012/04/19 v1.3 upright-quote and grave-accent glyphs in verba
tim
) (/usr/share/texmf-dist/tex/latex/parskip/parskip.sty
Package: parskip 2021-03-14 v2.0h non-zero parskip adjustments
) (/usr/share/texmf-dist/tex/latex/xurl/xurl.sty
Package: xurl 2022/01/09 v 0.10 modify URL breaks
) (/usr/share/texmf-dist/tex/latex/bookmark/bookmark.sty
Package: bookmark 2020-11-06 v1.29 PDF bookmarks (HO)
(/usr/share/texmf-dist/tex/latex/bookmark/bkm-pdftex.def
File: bkm-pdftex.def 2020-11-06 v1.29 bookmark driver for pdfTeX (HO)
\BKM@id=\count346
)) (/usr/share/texmf-dist/tex/latex/tools/longtable.sty
Package: longtable 2021-09-01 v4.17 Multi-page Table package (DPC)
\LTleft=\skip138
\LTright=\skip139
\LTpre=\skip140
\LTpost=\skip141
\LTchunksize=\count347
\LTcapwidth=\dimen198
\LT@head=\box62
\LT@firsthead=\box63
\LT@foot=\box64
\LT@lastfoot=\box65
\LT@gbox=\box66
\LT@cols=\count348
\LT@rows=\count349
\c@LT@tables=\count350
\c@LT@chunks=\count351
\LT@p@ftn=\toks41
) (/usr/share/texmf-dist/tex/latex/tools/array.sty
Package: array 2021/10/04 v2.5f Tabular extension package (FMi)
\col@sep=\dimen199
\ar@mcellbox=\box67
\extrarowheight=\dimen256
\NC@list=\toks42
\extratabsurround=\skip142
\backup@length=\skip143
\ar@cellbox=\box68
) (/usr/share/texmf-dist/tex/latex/footnotehyper/footnotehyper.sty
Package: footnotehyper 2021/08/13 v1.1e hyperref aware footnote.sty (JFB)
\FNH@notes=\box69
\FNH@width=\dimen257
\FNH@toks=\toks43
)
\cslhangindent=\skip144
\csllabelwidth=\skip145
\cslentryspacingunit=\skip146
(/usr/share/texmf-dist/tex/latex/pdflscape/pdflscape.sty
Package: pdflscape 2019/12/05 v0.12 Display of landscape pages in PDF (HO)
(/usr/share/texmf-dist/tex/latex/graphics/lscape.sty
Package: lscape 2020/05/28 v3.02 Landscape Pages (DPC)
)
Package pdflscape Info: Auto-detected driver: pdftex on input line 81.
) (/usr/share/texmf-dist/tex/latex/lipsum/lipsum.sty (/usr/share/texmf-dist/tex
/latex/l3packages/l3keys2e/l3keys2e.sty
Package: l3keys2e 2022-01-12 LaTeX2e option processing using LaTeX3 keys
)
Package: lipsum 2021-09-20 v2.7 150 paragraphs of Lorem Ipsum dummy text
\g__lipsum_par_int=\count352
\l__lipsum_a_int=\count353
\l__lipsum_b_int=\count354
(/usr/share/texmf-dist/tex/latex/lipsum/lipsum.ltd.tex)) (/usr/share/texmf-dist
/tex/latex/mhchem/mhchem.sty
Package: mhchem 2021/12/31 v4.09 for typesetting chemical formulae
(/usr/share/texmf-dist/tex/latex/chemgreek/chemgreek.sty
Package: chemgreek 2020/01/16 v1.1a interface for upright Greek letters for use
 in chemistry (CN)
\l__chemgreek_tmpa_int=\count355
\g__chemgreek_tmpa_int=\count356
)
\l__mhchem_ce_distanceFromLastComma_int=\count357
\__mhchem_arrow_extPgfLength_skip=\skip147
\mhchem@minispace@tmp=\skip148
\mhchem@minibackspace@tmp=\skip149
\mhchem@bondwidth=\skip150
\mhchem@bondheight=\skip151
\mhchem@smallbondwidth@tmpA=\skip152
\mhchem@smallbondwidth@tmpB=\skip153
\mhchem@smallbondwidth=\skip154
\mhchem@bondtmp@minussidebearingleft=\skip155
\mhchem@bondtmp@minussidebearingright=\skip156
\l__mhchem_option_version_int=\count358
\mhchem@option@minusmathsidebearingleft=\dimen258
\mhchem@option@minusmathsidebearingright=\dimen259
\mhchem@option@minustextsidebearingleft=\dimen260
\mhchem@option@minustextsidebearingright=\dimen261
) (/usr/share/texmf-dist/tex/latex/siunitx/siunitx.sty
Package: siunitx 2022-02-15 v3.0.49 A comprehensive (SI) units package
\l__siunitx_angle_tmp_dim=\dimen262
\l__siunitx_angle_marker_box=\box70
\l__siunitx_angle_unit_box=\box71
\l__siunitx_compound_count_int=\count359
(/usr/share/texmf-dist/tex/latex/translations/translations.sty
Package: translations 2022/02/05 v1.12 internationalization of LaTeX2e packages
 (CN)
)
\l__siunitx_number_exponent_fixed_int=\count360
\l__siunitx_number_min_decimal_int=\count361
\l__siunitx_number_min_integer_int=\count362
\l__siunitx_number_round_precision_int=\count363
\l__siunitx_number_group_minimum_int=\count364
\l__siunitx_table_tmp_box=\box72
\l__siunitx_table_tmp_dim=\dimen263
\l__siunitx_table_column_width_dim=\dimen264
\l__siunitx_table_integer_box=\box73
\l__siunitx_table_decimal_box=\box74
\l__siunitx_table_before_box=\box75
\l__siunitx_table_after_box=\box76
\l__siunitx_table_before_dim=\dimen265
\l__siunitx_table_carry_dim=\dimen266
\l__siunitx_unit_tmp_int=\count365
\l__siunitx_unit_position_int=\count366
\l__siunitx_unit_total_int=\count367
) (./proteomic_paper_2020-02-11.aux

LaTeX Warning: Label `tab:openms-fc-table' multiply defined.


LaTeX Warning: Label `tab:openms-fc-table' multiply defined.


LaTeX Warning: Label `tab:proteinpilot-fc-table' multiply defined.


LaTeX Warning: Label `tab:proteinpilot-fc-table' multiply defined.

)
\openout1 = `proteomic_paper_2020-02-11.aux'.

LaTeX Font Info:    Checking defaults for OML/cmm/m/it on input line 150.
LaTeX Font Info:    ... okay on input line 150.
LaTeX Font Info:    Checking defaults for OMS/cmsy/m/n on input line 150.
LaTeX Font Info:    ... okay on input line 150.
LaTeX Font Info:    Checking defaults for OT1/cmr/m/n on input line 150.
LaTeX Font Info:    ... okay on input line 150.
LaTeX Font Info:    Checking defaults for T1/cmr/m/n on input line 150.
LaTeX Font Info:    ... okay on input line 150.
LaTeX Font Info:    Checking defaults for TS1/cmr/m/n on input line 150.
LaTeX Font Info:    ... okay on input line 150.
LaTeX Font Info:    Checking defaults for OMX/cmex/m/n on input line 150.
LaTeX Font Info:    ... okay on input line 150.
LaTeX Font Info:    Checking defaults for U/cmr/m/n on input line 150.
LaTeX Font Info:    ... okay on input line 150.
LaTeX Font Info:    Checking defaults for LS1/stix/m/n on input line 150.
LaTeX Font Info:    Trying to load font information for LS1+stix on input line 
150.
(/usr/share/texmf-dist/tex/latex/stix/ls1stix.fd
File: ls1stix.fd 2015/04/17 v1.1.2-latex STIX LS1 font definitions
)
LaTeX Font Info:    ... okay on input line 150.
LaTeX Font Info:    Checking defaults for LS2/stix/m/n on input line 150.
LaTeX Font Info:    Trying to load font information for LS2+stix on input line 
150.
(/usr/share/texmf-dist/tex/latex/stix/ls2stix.fd
File: ls2stix.fd 2015/04/17 v1.1.2-latex STIX LS2 font definitions
)
LaTeX Font Info:    ... okay on input line 150.
LaTeX Font Info:    Checking defaults for PD1/pdf/m/n on input line 150.
LaTeX Font Info:    ... okay on input line 150.
LaTeX Font Info:    Checking defaults for PU/pdf/m/n on input line 150.
LaTeX Font Info:    ... okay on input line 150.
(/usr/share/texmf-dist/tex/context/base/mkii/supp-pdf.mkii
[Loading MPS to PDF converter (version 2006.09.02).]
\scratchcounter=\count368
\scratchdimen=\dimen267
\scratchbox=\box77
\nofMPsegments=\count369
\nofMParguments=\count370
\everyMPshowfont=\toks44
\MPscratchCnt=\count371
\MPscratchDim=\dimen268
\MPnumerator=\count372
\makeMPintoPDFobject=\count373
\everyMPtoPDFconversion=\toks45
) (/usr/share/texmf-dist/tex/latex/epstopdf-pkg/epstopdf-base.sty
Package: epstopdf-base 2020-01-24 v2.11 Base part for package epstopdf
Package epstopdf-base Info: Redefining graphics rule for `.eps' on input line 4
85.
(/usr/share/texmf-dist/tex/latex/latexconfig/epstopdf-sys.cfg
File: epstopdf-sys.cfg 2010/07/13 v1.3 Configuration of (r)epstopdf for TeX Liv
e
))
\c@mv@tabular=\count374
\c@mv@boldtabular=\count375
LaTeX Info: Redefining \microtypecontext on input line 150.
Package microtype Info: Applying patch `item' on input line 150.
Package microtype Info: Applying patch `toc' on input line 150.
Package microtype Info: Applying patch `eqnum' on input line 150.
Package microtype Info: Applying patch `footnote' on input line 150.
Package microtype Info: Generating PDF output.
Package microtype Info: Character protrusion enabled (level 2).
Package microtype Info: Using protrusion set `basicmath'.
Package microtype Info: Automatic font expansion enabled (level 2),
(microtype)             stretch: 20, shrink: 20, step: 1, non-selected.
Package microtype Info: Using default expansion set `alltext-nott'.
LaTeX Info: Redefining \showhyphens on input line 150.
Package microtype Info: No adjustment of tracking.
Package microtype Info: No adjustment of interword spacing.
Package microtype Info: No adjustment of character kerning.
*geometry* driver: auto-detecting
*geometry* detected driver: pdftex
*geometry* verbose mode - [ preamble ] result:
* driver: pdftex
* paper: letterpaper
* layout: <same size as paper>
* layoutoffset:(h,v)=(0.0pt,0.0pt)
* modes: 
* h-part:(L,W,R)=(170.71652pt, 406.58981pt, 36.98866pt)
* v-part:(T,H,B)=(56.9055pt, 666.9326pt, 71.13188pt)
* \paperwidth=614.295pt
* \paperheight=794.96999pt
* \textwidth=406.58981pt
* \textheight=666.9326pt
* \oddsidemargin=98.44653pt
* \evensidemargin=98.44653pt
* \topmargin=-58.26448pt
* \headheight=21.0pt
* \headsep=21.9pt
* \topskip=9.0pt
* \footskip=30.0pt
* \marginparwidth=113.81102pt
* \marginparsep=14.22636pt
* \columnsep=18.49548pt
* \skip\footins=8.0pt plus 4.0pt minus 2.0pt
* \hoffset=0.0pt
* \voffset=0.0pt
* \mag=1000
* \@twocolumnfalse
* \@twosidefalse
* \@mparswitchfalse
* \@reversemargintrue
* (1in=72.27pt=25.4mm, 1cm=28.453pt)

Package caption Info: Begin \AtBeginDocument code.
Package caption Info: hyperref package is loaded.
Package caption Info: longtable package is loaded.
(/usr/share/texmf-dist/tex/latex/caption/ltcaption.sty
Package: ltcaption 2021/01/08 v1.4c longtable captions (AR)
)
Package caption Info: wrapfig package is loaded.
Package caption Info: End \AtBeginDocument code.
Package lastpage Info: Please have a look at the pageslts package at
(lastpage)             https://www.ctan.org/pkg/pageslts
(lastpage)             ! on input line 150.
Package newfloat Info: `wrapfig' package detected.
Package hyperref Info: Link coloring OFF on input line 150.
(/usr/share/texmf-dist/tex/latex/hyperref/nameref.sty
Package: nameref 2021-04-02 v2.47 Cross-referencing by name of section
(/usr/share/texmf-dist/tex/latex/refcount/refcount.sty
Package: refcount 2019/12/15 v3.6 Data extraction from label references (HO)
) (/usr/share/texmf-dist/tex/generic/gettitlestring/gettitlestring.sty
Package: gettitlestring 2019/12/15 v1.6 Cleanup title references (HO)
)
\c@section@level=\count376
)
LaTeX Info: Redefining \ref on input line 150.
LaTeX Info: Redefining \pageref on input line 150.
LaTeX Info: Redefining \nameref on input line 150.

Package chemgreek Info: Activating mapping `default' on line 150.


(/usr/share/texmf-dist/tex/latex/translations/translations-basic-dictionary-eng
lish.trsl
File: translations-basic-dictionary-english.trsl (english translation file `tra
nslations-basic-dictionary')
)
Package translations Info: loading dictionary `translations-basic-dictionary' f
or `english'. on input line 150.
LaTeX Font Info:    Font shape `T1/opensans-TLF/b/n' will be
(Font)              scaled to size 9.0pt on input line 153.
LaTeX Font Info:    Font shape `T1/opensans-TLF/b/n' will be
(Font)              scaled to size 22.0pt on input line 153.
LaTeX Font Info:    Font shape `T1/opensans-TLF/m/n' will be
(Font)              scaled to size 22.0pt on input line 153.
LaTeX Font Info:    Font shape `T1/opensans-TLF/m/n' will be
(Font)              scaled to size 5.0pt on input line 153.
LaTeX Font Info:    Trying to load font information for T1+lmss on input line 1
53.
(/usr/share/texmf-dist/tex/latex/lm/t1lmss.fd
File: t1lmss.fd 2015/05/01 v1.6.1 Font defs for Latin Modern
)
LaTeX Font Info:    Font shape `T1/opensans-TLF/b/n' will be
(Font)              scaled to size 10.0pt on input line 153.
LaTeX Font Info:    Font shape `T1/opensans-TLF/m/n' will be
(Font)              scaled to size 10.95pt on input line 155.
LaTeX Font Info:    Font shape `T1/opensans-TLF/b/n' will be
(Font)              scaled to size 10.95pt on input line 155.
LaTeX Font Info:    Trying to load font information for TS1+opensans-TLF on inp
ut line 163.
(/usr/share/texmf-dist/tex/latex/opensans/TS1opensans-TLF.fd
File: TS1opensans-TLF.fd 2019/06/24 Font definitions for TS1/opensans-TLF.
)
LaTeX Font Info:    Font shape `TS1/opensans-TLF/b/n' will be
(Font)              scaled to size 9.0pt on input line 163.
LaTeX Font Info:    Font shape `T1/opensans-TLF/m/n' will be
(Font)              scaled to size 8.0pt on input line 172.
[1

{/var/lib/texmf/fonts/map/pdftex/updmap/pdftex.map}]
LaTeX Font Info:    Font shape `TS1/opensans-TLF/m/n' will be
(Font)              scaled to size 9.0pt on input line 188.
LaTeX Font Info:    Trying to load font information for OT1+lmr on input line 2
03.
(/usr/share/texmf-dist/tex/latex/lm/ot1lmr.fd
File: ot1lmr.fd 2015/05/01 v1.6.1 Font defs for Latin Modern
) (/usr/share/texmf-dist/tex/latex/microtype/mt-cmr.cfg
File: mt-cmr.cfg 2013/05/19 v2.2 microtype config. file: Computer Modern Roman 
(RS)
)
LaTeX Font Info:    Trying to load font information for OML+lmm on input line 2
03.
(/usr/share/texmf-dist/tex/latex/lm/omllmm.fd
File: omllmm.fd 2015/05/01 v1.6.1 Font defs for Latin Modern
)
LaTeX Font Info:    Trying to load font information for OMS+lmsy on input line 
203.
(/usr/share/texmf-dist/tex/latex/lm/omslmsy.fd
File: omslmsy.fd 2015/05/01 v1.6.1 Font defs for Latin Modern
)
LaTeX Font Info:    Trying to load font information for OMX+lmex on input line 
203.
(/usr/share/texmf-dist/tex/latex/lm/omxlmex.fd
File: omxlmex.fd 2015/05/01 v1.6.1 Font defs for Latin Modern
)
LaTeX Font Info:    External font `lmex10' loaded for size
(Font)              <9> on input line 203.
LaTeX Font Info:    External font `lmex10' loaded for size
(Font)              <6> on input line 203.
LaTeX Font Info:    External font `lmex10' loaded for size
(Font)              <5> on input line 203.
(/usr/share/texmf-dist/tex/latex/microtype/mt-ptm.cfg
File: mt-ptm.cfg 2006/04/20 v1.7 microtype config. file: Times (RS)
)
LaTeX Font Info:    Trying to load font information for LS1+stixfrak on input l
ine 203.
(/usr/share/texmf-dist/tex/latex/stix/ls1stixfrak.fd
File: ls1stixfrak.fd 2015/04/17 v1.1.2-latex STIX fraktur LS1 font definitions
)
LaTeX Font Info:    Trying to load font information for LS1+stixbb on input lin
e 203.
(/usr/share/texmf-dist/tex/latex/stix/ls1stixbb.fd
File: ls1stixbb.fd 2015/04/17 v1.1.2-latex STIX blackboard LS1 font definitions

)
LaTeX Font Info:    Trying to load font information for LS2+stixcal on input li
ne 203.
(/usr/share/texmf-dist/tex/latex/stix/ls2stixcal.fd
File: ls2stixcal.fd 2015/04/17 v1.1.2-latex STIX calligraphic LS2 font definiti
ons
)
LaTeX Font Info:    Trying to load font information for LS1+stixsf on input lin
e 203.
(/usr/share/texmf-dist/tex/latex/stix/ls1stixsf.fd
File: ls1stixsf.fd 2015/04/17 v1.1.2-latex STIX sans-serif LS1 font definitions

)
LaTeX Font Info:    Trying to load font information for LS2+stixtt on input lin
e 203.
(/usr/share/texmf-dist/tex/latex/stix/ls2stixtt.fd
File: ls2stixtt.fd 2015/04/17 v1.1.2-latex STIX typewriter LS2 font definitions

)
LaTeX Font Info:    Trying to load font information for U+msa on input line 203
.
(/usr/share/texmf-dist/tex/latex/amsfonts/umsa.fd
File: umsa.fd 2013/01/14 v3.01 AMS symbols A
) (/usr/share/texmf-dist/tex/latex/microtype/mt-msa.cfg
File: mt-msa.cfg 2006/02/04 v1.1 microtype config. file: AMS symbols (a) (RS)
)
LaTeX Font Info:    Trying to load font information for U+msb on input line 203
.
(/usr/share/texmf-dist/tex/latex/amsfonts/umsb.fd
File: umsb.fd 2013/01/14 v3.01 AMS symbols B
) (/usr/share/texmf-dist/tex/latex/microtype/mt-msb.cfg
File: mt-msb.cfg 2005/06/01 v1.0 microtype config. file: AMS symbols (b) (RS)
) [2]
LaTeX Font Info:    Font shape `T1/opensans-TLF/b/n' will be
(Font)              scaled to size 8.0pt on input line 213.
LaTeX Font Info:    Font shape `TS1/opensans-TLF/m/n' will be
(Font)              scaled to size 8.0pt on input line 213.
LaTeX Font Info:    Font shape `T1/opensans-TLF/m/it' will be
(Font)              scaled to size 8.0pt on input line 218.
LaTeX Font Info:    Font shape `T1/opensans-TLF/m/n' will be
(Font)              scaled to size 10.0pt on input line 255.
[3]
LaTeX Font Info:    Font shape `T1/opensans-TLF/m/n' will be
(Font)              scaled to size 6.0pt on input line 288.

Underfull \hbox (badness 1275) in paragraph at lines 299--300
 \T1/opensans-TLF/b/n/9 3.3.0.2 Mass spec-tromety anal-y-sis[] \T1/opensans-TLF
/m/n/9 A to-tal of 12 SCX frac-tions were anal-ysed by nano-
 []


Underfull \hbox (badness 1769) in paragraph at lines 299--300
\T1/opensans-TLF/m/n/9 electrospray ionisation-liquid chro-matog-ra-phy/tandem 
mass spec-trom-e-try (LC-MS/MS) us-ing
 []

[4]
LaTeX Font Info:    Font shape `T1/opensans-TLF/m/it' will be
(Font)              scaled to size 9.0pt on input line 314.

LaTeX Warning: Reference `tab:package-table' on page 5 undefined on input line 
332.

[5]
LaTeX Font Info:    Trying to load font information for T1+lmtt on input line 3
46.
(/usr/share/texmf-dist/tex/latex/lm/t1lmtt.fd
File: t1lmtt.fd 2015/05/01 v1.6.1 Font defs for Latin Modern
)
Underfull \hbox (badness 1622) in paragraph at lines 360--365
\T1/opensans-TLF/m/n/9 in-fer-ence was per-formed with \T1/lmtt/m/n/9 Epifany \
T1/opensans-TLF/m/n/9 and the fol-low-ing flags: \T1/lmtt/m/n/9 -greedy_group_r
esolution
 []


Underfull \hbox (badness 5519) in paragraph at lines 360--365
\T1/lmtt/m/n/9 remove_proteins_wo_evidence -algorithm:keep_best_PSM_only false 
\T1/opensans-TLF/m/n/9 De-coys were re-moved
 []


Underfull \hbox (badness 1303) in paragraph at lines 360--365
\T1/opensans-TLF/m/n/9 and 0.05 FDR fil-ter-ing was done via \T1/lmtt/m/n/9 IDF
ilter \T1/opensans-TLF/m/n/9 with \T1/lmtt/m/n/9 -score:protgroup 0.05 -remove_
decoys\T1/opensans-TLF/m/n/9 .
 []

[6]
Overfull \hbox (5.56216pt too wide) in paragraph at lines 378--384
[]\T1/opensans-TLF/m/n/9 To an-no-tate the iden-ti-fied pep-tides with pro-tein
s the \T1/lmtt/m/n/9 PeptideIndexer \T1/opensans-TLF/m/n/9 tool was used. \T1/l
mtt/m/n/9 PeptideIndexer
 []


Underfull \hbox (badness 1577) in paragraph at lines 378--384
\T1/opensans-TLF/m/n/9 ter-ing \T1/lmtt/m/n/9 PercolatorAdapter \T1/opensans-TL
F/m/n/9 was used with the fol-low-ing flags: \T1/lmtt/m/n/9 -score_type q-value
 -enzyme
 []

[7] [8

]

LaTeX Warning: Reference `appen-itraq' on page 9 undefined on input line 420.

[9

]
LaTeX Font Info:    External font `lmex10' loaded for size
(Font)              <8> on input line 437.

Overfull \hbox (1.8651pt too wide) in paragraph at lines 458--458
[]|\T1/opensans-TLF/m/n/5 APOA1|  
 []


Overfull \hbox (1.8651pt too wide) in paragraph at lines 459--459
[]|\T1/opensans-TLF/m/n/5 APOA2|  
 []


Overfull \hbox (1.8651pt too wide) in paragraph at lines 460--460
[]|\T1/opensans-TLF/m/n/5 APOA4|  
 []


Overfull \hbox (1.2961pt too wide) in paragraph at lines 465--465
[]|\T1/opensans-TLF/m/n/5 APOL1|  
 []


Overfull \hbox (1.30109pt too wide) in paragraph at lines 469--469
[]|\T1/opensans-TLF/m/n/5 AZGP1|  
 []


Overfull \hbox (1.2011pt too wide) in paragraph at lines 476--476
[]|\T1/opensans-TLF/m/n/5 C4BPA|  
 []


Overfull \hbox (1.7356pt too wide) in paragraph at lines 502--502
[]|\T1/opensans-TLF/m/n/5 HABP2|  
 []


Overfull \hbox (0.51959pt too wide) in paragraph at lines 507--507
[]|\T1/opensans-TLF/m/n/5 IGHA1|  
 []


Overfull \hbox (0.99559pt too wide) in paragraph at lines 509--509
[]|\T1/opensans-TLF/m/n/5 IGHG1|  
 []


Overfull \hbox (0.99559pt too wide) in paragraph at lines 511--511
[]|\T1/opensans-TLF/m/n/5 IGHG2|  
 []


Overfull \hbox (0.99559pt too wide) in paragraph at lines 512--512
[]|\T1/opensans-TLF/m/n/5 IGHG3|  
 []


Overfull \hbox (4.96559pt too wide) in paragraph at lines 515--515
[]|\T1/opensans-TLF/m/n/5 IGKV3D- 
 []


Overfull \hbox (0.6051pt too wide) in paragraph at lines 521--521
[]|\T1/opensans-TLF/m/n/5 KLKB1|  
 []


Overfull \hbox (6.78008pt too wide) in paragraph at lines 527--527
[]|\T1/opensans-TLF/m/n/5 PGLYRP2|  
 []


Overfull \hbox (1.3721pt too wide) in paragraph at lines 530--530
[]|\T1/opensans-TLF/m/n/5 PROS1|  
 []


Overfull \hbox (8.58656pt too wide) in paragraph at lines 533--533
[]|\T1/opensans-TLF/m/n/5 SERPINA1|  
 []


Overfull \hbox (8.58656pt too wide) in paragraph at lines 535--535
[]|\T1/opensans-TLF/m/n/5 SERPINA3|  
 []


Overfull \hbox (8.58656pt too wide) in paragraph at lines 536--536
[]|\T1/opensans-TLF/m/n/5 SERPINA4|  
 []


Overfull \hbox (8.58656pt too wide) in paragraph at lines 537--537
[]|\T1/opensans-TLF/m/n/5 SERPINA5|  
 []


Overfull \hbox (8.57707pt too wide) in paragraph at lines 538--538
[]|\T1/opensans-TLF/m/n/5 SERPINC1|  
 []


Overfull \hbox (9.06757pt too wide) in paragraph at lines 539--539
[]|\T1/opensans-TLF/m/n/5 SERPIND1|  
 []


Overfull \hbox (9.06256pt too wide) in paragraph at lines 541--541
[]|\T1/opensans-TLF/m/n/5 SERPING1|  
 []

[10


] [11] [12]
Overfull \hbox (6.1436pt too wide) in paragraph at lines 554--554
[]|\T1/opensans-TLF/m/n/6 Protein|  
 []


Overfull \hbox (6.1436pt too wide) in paragraph at lines 559--559
[]|\T1/opensans-TLF/m/n/6 Protein|  
 []


Overfull \hbox (1.25662pt too wide) in paragraph at lines 566--566
[]|\T1/opensans-TLF/m/n/6 A1BG|  
 []


Overfull \hbox (1.65802pt too wide) in paragraph at lines 569--569
[]|\T1/opensans-TLF/m/n/6 AHSG|  
 []


Overfull \hbox (5.08342pt too wide) in paragraph at lines 572--572
[]|\T1/opensans-TLF/m/n/6 APOA1|  
 []


Overfull \hbox (5.08342pt too wide) in paragraph at lines 573--573
[]|\T1/opensans-TLF/m/n/6 APOA2|  
 []


Overfull \hbox (5.08342pt too wide) in paragraph at lines 574--574
[]|\T1/opensans-TLF/m/n/6 APOA4|  
 []


Overfull \hbox (1.74321pt too wide) in paragraph at lines 575--575
[]|\T1/opensans-TLF/m/n/6 APOB|  
 []


Overfull \hbox (5.07202pt too wide) in paragraph at lines 576--576
[]|\T1/opensans-TLF/m/n/6 APOC1|  
 []


Overfull \hbox (5.07202pt too wide) in paragraph at lines 578--578
[]|\T1/opensans-TLF/m/n/6 APOC4|  
 []


Overfull \hbox (1.19301pt too wide) in paragraph at lines 579--579
[]|\T1/opensans-TLF/m/n/6 APOE|  
 []


Overfull \hbox (4.40662pt too wide) in paragraph at lines 580--580
[]|\T1/opensans-TLF/m/n/6 AZGP1|  
 []


Overfull \hbox (1.55002pt too wide) in paragraph at lines 581--581
[]|\T1/opensans-TLF/m/n/6 C1QB|  
 []


Overfull \hbox (4.28662pt too wide) in paragraph at lines 586--586
[]|\T1/opensans-TLF/m/n/6 C4BPA|  
 []


Overfull \hbox (1.31541pt too wide) in paragraph at lines 606--606
[]|\T1/opensans-TLF/m/n/6 HBA1|  
 []


Overfull \hbox (1.658pt too wide) in paragraph at lines 612--612
[]|\T1/opensans-TLF/m/n/6 IGHM|  
 []


Overfull \hbox (5.5814pt too wide) in paragraph at lines 620--620
[]|\T1/opensans-TLF/m/n/6 JCHAIN|  
 []


Overfull \hbox (1.77863pt too wide) in paragraph at lines 621--621
[]|\T1/opensans-TLF/m/n/6 KNG1|  
 []


Overfull \hbox (3.00322pt too wide) in paragraph at lines 626--626
[]|\T1/opensans-TLF/m/n/6 ORM1|  
 []


Overfull \hbox (13.1492pt too wide) in paragraph at lines 632--632
[]|\T1/opensans-TLF/m/n/6 SERPINA1|  
 []


Overfull \hbox (13.1492pt too wide) in paragraph at lines 633--633
[]|\T1/opensans-TLF/m/n/6 SERPINA3|  
 []


Overfull \hbox (13.1378pt too wide) in paragraph at lines 634--634
[]|\T1/opensans-TLF/m/n/6 SERPINC1|  
 []


Overfull \hbox (13.7264pt too wide) in paragraph at lines 635--635
[]|\T1/opensans-TLF/m/n/6 SERPIND1|  
 []


Overfull \hbox (12.44899pt too wide) in paragraph at lines 636--636
[]|\T1/opensans-TLF/m/n/6 SERPINF1|  
 []


Overfull \hbox (12.44899pt too wide) in paragraph at lines 638--638
[]|\T1/opensans-TLF/m/n/6 SERPINF2|  
 []


Overfull \hbox (13.7204pt too wide) in paragraph at lines 639--639
[]|\T1/opensans-TLF/m/n/6 SERPING1|  
 []

[13


] [14] [15]
<proteomic_paper_2020-02-11_files/figure-latex/openms-pp-venn-1.pdf, id=143, 42
9.605pt x 302.12875pt>
File: proteomic_paper_2020-02-11_files/figure-latex/openms-pp-venn-1.pdf Graphi
c file (type pdf)
<use proteomic_paper_2020-02-11_files/figure-latex/openms-pp-venn-1.pdf>
Package pdftex.def Info: proteomic_paper_2020-02-11_files/figure-latex/openms-p
p-venn-1.pdf  used on input line 650.
(pdftex.def)             Requested size: 243.95966pt x 171.56975pt.
<proteomic_paper_2020-02-11_files/figure-latex/openms-pp-updown-1.pdf, id=144, 
459.7175pt x 307.1475pt>
File: proteomic_paper_2020-02-11_files/figure-latex/openms-pp-updown-1.pdf Grap
hic file (type pdf)
<use proteomic_paper_2020-02-11_files/figure-latex/openms-pp-updown-1.pdf>
Package pdftex.def Info: proteomic_paper_2020-02-11_files/figure-latex/openms-p
p-updown-1.pdf  used on input line 661.
(pdftex.def)             Requested size: 406.61497pt x 271.66852pt.
[16

 <./proteomic_paper_2020-02-11_files/figure-latex/openms-pp-venn-1.pdf> <./prot
eomic_paper_2020-02-11_files/figure-latex/openms-pp-updown-1.pdf>]

LaTeX Warning: Reference `fig:openms-stringdb-acute-sub-c-imp' on page 17 undef
ined on input line 670.


LaTeX Warning: Reference `fig:openms-stringdb-acute-sub-c-nonimp' on page 17 un
defined on input line 670.


LaTeX Warning: Reference `fig:openms-stringdb-a-vs-d' on page 17 undefined on i
nput line 670.


LaTeX Warning: Reference `fig:openms-stringdb-c-vs-d' on page 17 undefined on i
nput line 670.


LaTeX Warning: Reference `fig:openms-stringdb-c-vs-a' on page 17 undefined on i
nput line 670.


LaTeX Warning: Reference `fig:openms-stringdb-c-nonimp-vs-a' on page 17 undefin
ed on input line 670.


LaTeX Warning: Reference `fig:openms-stringdb-c-nonimp-vs-d' on page 17 undefin
ed on input line 670.


LaTeX Warning: Reference `fig:openms-stringdb-cluster-acute-c-imp-vs-non' on pa
ge 17 undefined on input line 671.


LaTeX Warning: Reference `fig:openms-stringdb-cluster-acute-c-imp-vs-non' on pa
ge 17 undefined on input line 672.


LaTeX Warning: Reference `fig:openms-stringdb-cluster-acute-c-imp-vs-non' on pa
ge 17 undefined on input line 673.


LaTeX Warning: Reference `fig:openms-stringdb-cluster-acute-c-imp-vs-non' on pa
ge 17 undefined on input line 674.


LaTeX Warning: Reference `fig:openms-stringdb-cluster-subacute-c-imp-vs-non' on
 page 17 undefined on input line 676.


LaTeX Warning: Reference `fig:openms-stringdb-cluster-acute-sub-c-imp' on page 
17 undefined on input line 677.


LaTeX Warning: Reference `fig:openms-stringdb-cluster-acute-sub-c-nonimp' on pa
ge 17 undefined on input line 677.


LaTeX Warning: Reference `fig:multi-image-try' on page 17 undefined on input li
ne 677.


LaTeX Warning: Reference `fig:openms-stringdb-cluster-c-vs-d' on page 17 undefi
ned on input line 677.


LaTeX Warning: Reference `fig:openms-stringdb-cluster-c-vs-a' on page 17 undefi
ned on input line 677.


LaTeX Warning: Reference `fig:openms-stringdb-cluster-c-nonimp-vs-a' on page 17
 undefined on input line 677.


LaTeX Warning: Reference `fig:openms-stringdb-cluster-c-nonimp-vs-d' on page 17
 undefined on input line 677.


LaTeX Warning: Reference `appen-itraq-string' on page 17 undefined on input lin
e 679.

[17

]
<figures/openms_protein_quantification/stringdb_plots/acute_c_improvers_vs_noni
mprovers_run1_2021-03-23.pdf, id=177, 650.43pt x 578.16pt>
File: figures/openms_protein_quantification/stringdb_plots/acute_c_improvers_vs
_nonimprovers_run1_2021-03-23.pdf Graphic file (type pdf)
<use figures/openms_protein_quantification/stringdb_plots/acute_c_improvers_vs_
nonimprovers_run1_2021-03-23.pdf>
Package pdftex.def Info: figures/openms_protein_quantification/stringdb_plots/a
cute_c_improvers_vs_nonimprovers_run1_2021-03-23.pdf  used on input line 686.
(pdftex.def)             Requested size: 406.59714pt x 361.41968pt.
<Images/stringdb_curated_db.png, id=178, 58.2175pt x 23.08624pt>
File: Images/stringdb_curated_db.png Graphic file (type png)
<use Images/stringdb_curated_db.png>
Package pdftex.def Info: Images/stringdb_curated_db.png  used on input line 686
.
(pdftex.def)             Requested size: 32.52872pt x 12.8993pt.
<Images/stringdb_experimentally_determined.png, id=179, 57.21375pt x 22.0825pt>

File: Images/stringdb_experimentally_determined.png Graphic file (type png)
<use Images/stringdb_experimentally_determined.png>
Package pdftex.def Info: Images/stringdb_experimentally_determined.png  used on
 input line 686.
(pdftex.def)             Requested size: 32.52922pt x 12.55513pt.
<Images/stringdb_gene_co-occurrence.png, id=180, 61.22874pt x 23.08624pt>
File: Images/stringdb_gene_co-occurrence.png Graphic file (type png)
<use Images/stringdb_gene_co-occurrence.png>
Package pdftex.def Info: Images/stringdb_gene_co-occurrence.png  used on input 
line 686.
(pdftex.def)             Requested size: 32.52861pt x 12.26488pt.
<Images/stringdb_gene_fusions.png, id=181, 59.22125pt x 22.0825pt>
File: Images/stringdb_gene_fusions.png Graphic file (type png)
<use Images/stringdb_gene_fusions.png>
Package pdftex.def Info: Images/stringdb_gene_fusions.png  used on input line 6
86.
(pdftex.def)             Requested size: 32.5284pt x 12.12923pt.
<Images/stringdb_gene_neighbour.png, id=182, 58.2175pt x 19.07124pt>
File: Images/stringdb_gene_neighbour.png Graphic file (type png)
<use Images/stringdb_gene_neighbour.png>
Package pdftex.def Info: Images/stringdb_gene_neighbour.png  used on input line
 686.
(pdftex.def)             Requested size: 32.52872pt x 10.65594pt.
<Images/stringdb_co-expression.png, id=183, 58.2175pt x 22.0825pt>
File: Images/stringdb_co-expression.png Graphic file (type png)
<use Images/stringdb_co-expression.png>
Package pdftex.def Info: Images/stringdb_co-expression.png  used on input line 
686.
(pdftex.def)             Requested size: 32.52872pt x 12.33847pt.
<Images/stringdb_text_mining.png, id=184, 57.21375pt x 23.08624pt>
File: Images/stringdb_text_mining.png Graphic file (type png)
<use Images/stringdb_text_mining.png>
Package pdftex.def Info: Images/stringdb_text_mining.png  used on input line 68
6.
(pdftex.def)             Requested size: 32.52922pt x 13.12581pt.
<Images/stringdb_protein-homology.png, id=185, 59.22125pt x 24.09pt>
File: Images/stringdb_protein-homology.png Graphic file (type png)
<use Images/stringdb_protein-homology.png>
Package pdftex.def Info: Images/stringdb_protein-homology.png  used on input li
ne 686.
(pdftex.def)             Requested size: 32.5284pt x 13.23187pt.
<figures/openms_protein_quantification/stringdb_plots/subacute_c_improvers_vs_n
onimprovers_run1_2021-03-23.pdf, id=186, 650.43pt x 578.16pt>
File: figures/openms_protein_quantification/stringdb_plots/subacute_c_improvers
_vs_nonimprovers_run1_2021-03-23.pdf Graphic file (type pdf)
<use figures/openms_protein_quantification/stringdb_plots/subacute_c_improvers_
vs_nonimprovers_run1_2021-03-23.pdf>
Package pdftex.def Info: figures/openms_protein_quantification/stringdb_plots/s
ubacute_c_improvers_vs_nonimprovers_run1_2021-03-23.pdf  used on input line 692
.
(pdftex.def)             Requested size: 406.59714pt x 361.41968pt.
File: Images/stringdb_curated_db.png Graphic file (type png)
<use Images/stringdb_curated_db.png>
Package pdftex.def Info: Images/stringdb_curated_db.png  used on input line 692
.
(pdftex.def)             Requested size: 32.52872pt x 12.8993pt.
File: Images/stringdb_experimentally_determined.png Graphic file (type png)
<use Images/stringdb_experimentally_determined.png>
Package pdftex.def Info: Images/stringdb_experimentally_determined.png  used on
 input line 692.
(pdftex.def)             Requested size: 32.52922pt x 12.55513pt.
File: Images/stringdb_gene_co-occurrence.png Graphic file (type png)
<use Images/stringdb_gene_co-occurrence.png>
Package pdftex.def Info: Images/stringdb_gene_co-occurrence.png  used on input 
line 692.
(pdftex.def)             Requested size: 32.52861pt x 12.26488pt.
File: Images/stringdb_gene_fusions.png Graphic file (type png)
<use Images/stringdb_gene_fusions.png>
Package pdftex.def Info: Images/stringdb_gene_fusions.png  used on input line 6
92.
(pdftex.def)             Requested size: 32.5284pt x 12.12923pt.
File: Images/stringdb_gene_neighbour.png Graphic file (type png)
<use Images/stringdb_gene_neighbour.png>
Package pdftex.def Info: Images/stringdb_gene_neighbour.png  used on input line
 692.
(pdftex.def)             Requested size: 32.52872pt x 10.65594pt.
File: Images/stringdb_co-expression.png Graphic file (type png)
<use Images/stringdb_co-expression.png>
Package pdftex.def Info: Images/stringdb_co-expression.png  used on input line 
692.
(pdftex.def)             Requested size: 32.52872pt x 12.33847pt.
File: Images/stringdb_text_mining.png Graphic file (type png)
<use Images/stringdb_text_mining.png>
Package pdftex.def Info: Images/stringdb_text_mining.png  used on input line 69
2.
(pdftex.def)             Requested size: 32.52922pt x 13.12581pt.
File: Images/stringdb_protein-homology.png Graphic file (type png)
<use Images/stringdb_protein-homology.png>
Package pdftex.def Info: Images/stringdb_protein-homology.png  used on input li
ne 692.
(pdftex.def)             Requested size: 32.5284pt x 13.23187pt.

LaTeX Warning: Reference `fig:openms-hmap-acute-sacute-imp-c-1' on page 18 unde
fined on input line 698.


LaTeX Warning: Reference `fig:openms-hmap-acute-sacute-nonimp-c-1' on page 18 u
ndefined on input line 698.


LaTeX Warning: Reference `fig:openms-hmap-acute-c-2' on page 18 undefined on in
put line 698.


LaTeX Warning: Reference `fig:openms-hmap-acute-a-d-2' on page 18 undefined on 
input line 698.


LaTeX Warning: Reference `fig:openms-hmap-acute-imp-c-d-2' on page 18 undefined
 on input line 698.


LaTeX Warning: Reference `fig:openms-hmap-acute-imp-c-a-2' on page 18 undefined
 on input line 698.


LaTeX Warning: Reference `fig:openms-hmap-acute-nonimp-c-a-2' on page 18 undefi
ned on input line 698.


LaTeX Warning: Reference `fig:openms-hmap-acute-nonimp-c-d-2' on page 18 undefi
ned on input line 698.


LaTeX Warning: Reference `appen-itraq-hmap' on page 18 undefined on input line 
701.

[18

 <./figures/openms_protein_quantification/stringdb_plots/acute_c_improvers_vs_n
onimprovers_run1_2021-03-23.pdf> <./Images/stringdb_curated_db.png> <./Images/s
tringdb_experimentally_determined.png> <./Images/stringdb_gene_co-occurrence.pn
g> <./Images/stringdb_gene_fusions.png> <./Images/stringdb_gene_neighbour.png> 
<./Images/stringdb_co-expression.png> <./Images/stringdb_text_mining.png> <./Im
ages/stringdb_protein-homology.png>] [19 <./figures/openms_protein_quantificati
on/stringdb_plots/subacute_c_improvers_vs_nonimprovers_run1_2021-03-23.pdf>]
<proteomic_paper_2020-02-11_files/figure-latex/openms-hmap-acute-c-1-1.pdf, id=
228, 856.19875pt x 566.115pt>
File: proteomic_paper_2020-02-11_files/figure-latex/openms-hmap-acute-c-1-1.pdf
 Graphic file (type pdf)
<use proteomic_paper_2020-02-11_files/figure-latex/openms-hmap-acute-c-1-1.pdf>

Package pdftex.def Info: proteomic_paper_2020-02-11_files/figure-latex/openms-h
map-acute-c-1-1.pdf  used on input line 709.
(pdftex.def)             Requested size: 614.94714pt x 406.60045pt.

LaTeX Warning: Float too large for page by 31.61057pt on input line 714.

[20 <./proteomic_paper_2020-02-11_files/figure-latex/openms-hmap-acute-c-1-1.pd
f>]
<proteomic_paper_2020-02-11_files/figure-latex/openms-hmap-subacute-c-1-1.pdf, 
id=241, 928.46875pt x 710.655pt>
File: proteomic_paper_2020-02-11_files/figure-latex/openms-hmap-subacute-c-1-1.
pdf Graphic file (type pdf)
<use proteomic_paper_2020-02-11_files/figure-latex/openms-hmap-subacute-c-1-1.p
df>
Package pdftex.def Info: proteomic_paper_2020-02-11_files/figure-latex/openms-h
map-subacute-c-1-1.pdf  used on input line 723.
(pdftex.def)             Requested size: 531.21611pt x 406.59567pt.

LaTeX Warning: Float too large for page by 31.60579pt on input line 728.

[21 <./proteomic_paper_2020-02-11_files/figure-latex/openms-hmap-subacute-c-1-1
.pdf>]

LaTeX Warning: Reference `fig:openms-cnetp-acute-sacute-imp-c-1' on page 22 und
efined on input line 736.


LaTeX Warning: Reference `fig:openms-cnetp-acute-sacute-nonimp-c-1' on page 22 
undefined on input line 736.


LaTeX Warning: Reference `fig:openms-cnetp-acute-c-2' on page 22 undefined on i
nput line 736.


LaTeX Warning: Reference `fig:openms-cnetp-acute-a-d-2' on page 22 undefined on
 input line 736.


LaTeX Warning: Reference `fig:openms-cnetp-acute-imp-c-d-2' on page 22 undefine
d on input line 736.


LaTeX Warning: Reference `fig:openms-cnetp-acute-imp-c-a-2' on page 22 undefine
d on input line 736.


LaTeX Warning: Reference `fig:openms-cnetp-acute-nonimp-c-a-2' on page 22 undef
ined on input line 736.


LaTeX Warning: Reference `fig:openms-cnetp-acute-nonimp-c-d-2' on page 22 undef
ined on input line 736.


LaTeX Warning: Reference `appen-itraq-cnet' on page 22 undefined on input line 
739.

[22





]
<proteomic_paper_2020-02-11_files/figure-latex/openms-cnetp-acute-c-1-1.pdf, id
=265, 851.18pt x 702.625pt>
File: proteomic_paper_2020-02-11_files/figure-latex/openms-cnetp-acute-c-1-1.pd
f Graphic file (type pdf)
<use proteomic_paper_2020-02-11_files/figure-latex/openms-cnetp-acute-c-1-1.pdf
>
Package pdftex.def Info: proteomic_paper_2020-02-11_files/figure-latex/openms-c
netp-acute-c-1-1.pdf  used on input line 747.
(pdftex.def)             Requested size: 492.56776pt x 406.60075pt.

LaTeX Warning: Float too large for page by 31.61087pt on input line 752.

[23 <./proteomic_paper_2020-02-11_files/figure-latex/openms-cnetp-acute-c-1-1.p
df>]
<proteomic_paper_2020-02-11_files/figure-latex/openms-cnetp-subacute-c-1-1.pdf,
 id=281, 851.18pt x 702.625pt>
File: proteomic_paper_2020-02-11_files/figure-latex/openms-cnetp-subacute-c-1-1
.pdf Graphic file (type pdf)
<use proteomic_paper_2020-02-11_files/figure-latex/openms-cnetp-subacute-c-1-1.
pdf>
Package pdftex.def Info: proteomic_paper_2020-02-11_files/figure-latex/openms-c
netp-subacute-c-1-1.pdf  used on input line 761.
(pdftex.def)             Requested size: 492.56776pt x 406.60075pt.

LaTeX Warning: Float too large for page by 31.61087pt on input line 766.

[24 <./proteomic_paper_2020-02-11_files/figure-latex/openms-cnetp-subacute-c-1-
1.pdf>] [25





]
<proteomic_paper_2020-02-11_files/figure-latex/elisa-sig-plots1-1.pdf, id=314, 
459.7175pt x 312.16624pt>
File: proteomic_paper_2020-02-11_files/figure-latex/elisa-sig-plots1-1.pdf Grap
hic file (type pdf)
<use proteomic_paper_2020-02-11_files/figure-latex/elisa-sig-plots1-1.pdf>
Package pdftex.def Info: proteomic_paper_2020-02-11_files/figure-latex/elisa-si
g-plots1-1.pdf  used on input line 786.
(pdftex.def)             Requested size: 406.61497pt x 276.10754pt.
<proteomic_paper_2020-02-11_files/figure-latex/elisa-sig-plots2-1.pdf, id=315, 
459.7175pt x 312.16624pt>
File: proteomic_paper_2020-02-11_files/figure-latex/elisa-sig-plots2-1.pdf Grap
hic file (type pdf)
<use proteomic_paper_2020-02-11_files/figure-latex/elisa-sig-plots2-1.pdf>
Package pdftex.def Info: proteomic_paper_2020-02-11_files/figure-latex/elisa-si
g-plots2-1.pdf  used on input line 794.
(pdftex.def)             Requested size: 406.61497pt x 276.10754pt.
<proteomic_paper_2020-02-11_files/figure-latex/elisa-sig-plots3-1.pdf, id=316, 
459.7175pt x 312.16624pt>
File: proteomic_paper_2020-02-11_files/figure-latex/elisa-sig-plots3-1.pdf Grap
hic file (type pdf)
<use proteomic_paper_2020-02-11_files/figure-latex/elisa-sig-plots3-1.pdf>
Package pdftex.def Info: proteomic_paper_2020-02-11_files/figure-latex/elisa-si
g-plots3-1.pdf  used on input line 802.
(pdftex.def)             Requested size: 406.61497pt x 276.10754pt.
<proteomic_paper_2020-02-11_files/figure-latex/elisa-sig-plots4-1.pdf, id=317, 
459.7175pt x 312.16624pt>
File: proteomic_paper_2020-02-11_files/figure-latex/elisa-sig-plots4-1.pdf Grap
hic file (type pdf)
<use proteomic_paper_2020-02-11_files/figure-latex/elisa-sig-plots4-1.pdf>
Package pdftex.def Info: proteomic_paper_2020-02-11_files/figure-latex/elisa-si
g-plots4-1.pdf  used on input line 810.
(pdftex.def)             Requested size: 406.61497pt x 276.10754pt.
<proteomic_paper_2020-02-11_files/figure-latex/plot-grid-example-1.pdf, id=319,
 500.87125pt x 497.86pt>
File: proteomic_paper_2020-02-11_files/figure-latex/plot-grid-example-1.pdf Gra
phic file (type pdf)
<use proteomic_paper_2020-02-11_files/figure-latex/plot-grid-example-1.pdf>
Package pdftex.def Info: proteomic_paper_2020-02-11_files/figure-latex/plot-gri
d-example-1.pdf  used on input line 824.
(pdftex.def)             Requested size: 406.60532pt x 404.1608pt.
<proteomic_paper_2020-02-11_files/figure-latex/patchwork-example-1.pdf, id=321,
 457.71pt x 325.215pt>
File: proteomic_paper_2020-02-11_files/figure-latex/patchwork-example-1.pdf Gra
phic file (type pdf)
<use proteomic_paper_2020-02-11_files/figure-latex/patchwork-example-1.pdf>
Package pdftex.def Info: proteomic_paper_2020-02-11_files/figure-latex/patchwor
k-example-1.pdf  used on input line 831.
(pdftex.def)             Requested size: 406.60635pt x 288.9045pt.
[26

 <./proteomic_paper_2020-02-11_files/figure-latex/elisa-sig-plots1-1.pdf>] [27 
<./proteomic_paper_2020-02-11_files/figure-latex/elisa-sig-plots2-1.pdf> <./pro
teomic_paper_2020-02-11_files/figure-latex/elisa-sig-plots3-1.pdf>]
<proteomic_paper_2020-02-11_files/figure-latex/patchwork-2-1.pdf, id=365, 446.6
6875pt x 697.60625pt>
File: proteomic_paper_2020-02-11_files/figure-latex/patchwork-2-1.pdf Graphic f
ile (type pdf)
<use proteomic_paper_2020-02-11_files/figure-latex/patchwork-2-1.pdf>
Package pdftex.def Info: proteomic_paper_2020-02-11_files/figure-latex/patchwor
k-2-1.pdf  used on input line 835.
(pdftex.def)             Requested size: 406.59868pt x 635.02492pt.

Overfull \vbox (0.55922pt too high) has occurred while \output is active []

[28 <./proteomic_paper_2020-02-11_files/figure-latex/elisa-sig-plots4-1.pdf> <.
/proteomic_paper_2020-02-11_files/figure-latex/patchwork-example-1.pdf>] [29 <.
/proteomic_paper_2020-02-11_files/figure-latex/plot-grid-example-1.pdf>] [30 <.
/proteomic_paper_2020-02-11_files/figure-latex/patchwork-2-1.pdf>]
<figures/kegg_pathways/hsa04610_pathview.png, id=425, 317.5062pt x 196.3335pt>
File: figures/kegg_pathways/hsa04610_pathview.png Graphic file (type png)
<use figures/kegg_pathways/hsa04610_pathview.png>
Package pdftex.def Info: figures/kegg_pathways/hsa04610_pathview.png  used on i
nput line 847.
(pdftex.def)             Requested size: 317.51024pt x 196.336pt.
[31 <./figures/kegg_pathways/hsa04610_pathview.png (PNG copy)>]

LaTeX Warning: Reference `appen-labelfree' on page 32 undefined on input line 8
59.


LaTeX Warning: Reference `fig:volc-plot-acute-c-imp-vs-subacute-imp' on page 32
 undefined on input line 869.


LaTeX Warning: Reference `fig:volc-plot-acute-c-nonimp-vs-subacute-nonimp' on p
age 32 undefined on input line 869.


LaTeX Warning: Reference `appen-labelfree-volc' on page 32 undefined on input l
ine 871.

[32

]
<figures/openms_protein_quantification/label_free/openms_volcano_plot_2021-08-1
0_0008.pdf, id=447, 722.7pt x 722.7pt>
File: figures/openms_protein_quantification/label_free/openms_volcano_plot_2021
-08-10_0008.pdf Graphic file (type pdf)
<use figures/openms_protein_quantification/label_free/openms_volcano_plot_2021-
08-10_0008.pdf>
Package pdftex.def Info: figures/openms_protein_quantification/label_free/openm
s_volcano_plot_2021-08-10_0008.pdf  used on input line 878.
(pdftex.def)             Requested size: 406.59494pt x 406.59494pt.
<figures/openms_protein_quantification/label_free/openms_volcano_plot_2021-08-1
0_0026.pdf, id=448, 722.7pt x 722.7pt>
File: figures/openms_protein_quantification/label_free/openms_volcano_plot_2021
-08-10_0026.pdf Graphic file (type pdf)
<use figures/openms_protein_quantification/label_free/openms_volcano_plot_2021-
08-10_0026.pdf>
Package pdftex.def Info: figures/openms_protein_quantification/label_free/openm
s_volcano_plot_2021-08-10_0026.pdf  used on input line 884.
(pdftex.def)             Requested size: 406.59494pt x 406.59494pt.

LaTeX Warning: Reference `fig:openms-stringdb-chap4-acute-sub-c-imp' on page 33
 undefined on input line 890.


LaTeX Warning: Reference `fig:openms-stringdb-chap4-acute-sub-c-nonimp' on page
 33 undefined on input line 890.


LaTeX Warning: Reference `fig:openms-stringdb-chap4-a-vs-d' on page 33 undefine
d on input line 890.


LaTeX Warning: Reference `fig:openms-stringdb-chap4-c-vs-d' on page 33 undefine
d on input line 890.


LaTeX Warning: Reference `fig:openms-stringdb-chap4-c-vs-a' on page 33 undefine
d on input line 890.


LaTeX Warning: Reference `fig:openms-stringdb-chap4-c-nonimp-vs-a' on page 33 u
ndefined on input line 890.


LaTeX Warning: Reference `fig:openms-stringdb-chap4-c-nonimp-vs-d' on page 33 u
ndefined on input line 890.


LaTeX Warning: Reference `fig:openms-stringdb-cluster-chap4-acute-c-imp-vs-noni
mp' on page 33 undefined on input line 892.


LaTeX Warning: Reference `fig:openms-stringdb-cluster-chap4-sub-c-imp-vs-nonimp
' on page 33 undefined on input line 892.


LaTeX Warning: Reference `fig:openms-stringdb-cluster-chap4-acute-sub-c-imp' on
 page 33 undefined on input line 892.


LaTeX Warning: Reference `fig:openms-stringdb-cluster-chap4-acute-sub-c-nonimp'
 on page 33 undefined on input line 892.


LaTeX Warning: Reference `fig:openms-stringdb-cluster-chap4-a-vs-d' on page 33 
undefined on input line 892.


LaTeX Warning: Reference `fig:openms-stringdb-cluster-chap4-c-vs-a' on page 33 
undefined on input line 892.


LaTeX Warning: Reference `fig:openms-stringdb-cluster-chap4-c-vs-d' on page 33 
undefined on input line 892.


LaTeX Warning: Reference `fig:openms-stringdb-cluster-chap4-c-nonimp-vs-a' on p
age 33 undefined on input line 892.


LaTeX Warning: Reference `fig:openms-stringdb-cluster-chap4-c-nonimp-vs-d' on p
age 33 undefined on input line 892.


LaTeX Warning: Reference `appen-labelfree-string' on page 33 undefined on input
 line 895.

<figures/openms_protein_quantification/label_free/stringdb_plots/acute_c_imp_vs
_acute_c_nonimp_2021-08-06.pdf, id=451, 650.43pt x 578.16pt>
File: figures/openms_protein_quantification/label_free/stringdb_plots/acute_c_i
mp_vs_acute_c_nonimp_2021-08-06.pdf Graphic file (type pdf)
<use figures/openms_protein_quantification/label_free/stringdb_plots/acute_c_im
p_vs_acute_c_nonimp_2021-08-06.pdf>
Package pdftex.def Info: figures/openms_protein_quantification/label_free/strin
gdb_plots/acute_c_imp_vs_acute_c_nonimp_2021-08-06.pdf  used on input line 900.

(pdftex.def)             Requested size: 406.59714pt x 361.41968pt.
File: Images/stringdb_curated_db.png Graphic file (type png)
<use Images/stringdb_curated_db.png>
Package pdftex.def Info: Images/stringdb_curated_db.png  used on input line 900
.
(pdftex.def)             Requested size: 32.52872pt x 12.8993pt.
File: Images/stringdb_experimentally_determined.png Graphic file (type png)
<use Images/stringdb_experimentally_determined.png>
Package pdftex.def Info: Images/stringdb_experimentally_determined.png  used on
 input line 900.
(pdftex.def)             Requested size: 32.52922pt x 12.55513pt.
File: Images/stringdb_gene_co-occurrence.png Graphic file (type png)
<use Images/stringdb_gene_co-occurrence.png>
Package pdftex.def Info: Images/stringdb_gene_co-occurrence.png  used on input 
line 900.
(pdftex.def)             Requested size: 32.52861pt x 12.26488pt.
File: Images/stringdb_gene_fusions.png Graphic file (type png)
<use Images/stringdb_gene_fusions.png>
Package pdftex.def Info: Images/stringdb_gene_fusions.png  used on input line 9
00.
(pdftex.def)             Requested size: 32.5284pt x 12.12923pt.
File: Images/stringdb_gene_neighbour.png Graphic file (type png)
<use Images/stringdb_gene_neighbour.png>
Package pdftex.def Info: Images/stringdb_gene_neighbour.png  used on input line
 900.
(pdftex.def)             Requested size: 32.52872pt x 10.65594pt.
File: Images/stringdb_co-expression.png Graphic file (type png)
<use Images/stringdb_co-expression.png>
Package pdftex.def Info: Images/stringdb_co-expression.png  used on input line 
900.
(pdftex.def)             Requested size: 32.52872pt x 12.33847pt.
File: Images/stringdb_text_mining.png Graphic file (type png)
<use Images/stringdb_text_mining.png>
Package pdftex.def Info: Images/stringdb_text_mining.png  used on input line 90
0.
(pdftex.def)             Requested size: 32.52922pt x 13.12581pt.
File: Images/stringdb_protein-homology.png Graphic file (type png)
<use Images/stringdb_protein-homology.png>
Package pdftex.def Info: Images/stringdb_protein-homology.png  used on input li
ne 900.
(pdftex.def)             Requested size: 32.5284pt x 13.23187pt.
<figures/openms_protein_quantification/label_free/stringdb_plots/subacute_c_imp
_vs_subacute_c_nonimp_2021-08-06.pdf, id=452, 650.43pt x 578.16pt>
File: figures/openms_protein_quantification/label_free/stringdb_plots/subacute_
c_imp_vs_subacute_c_nonimp_2021-08-06.pdf Graphic file (type pdf)
<use figures/openms_protein_quantification/label_free/stringdb_plots/subacute_c
_imp_vs_subacute_c_nonimp_2021-08-06.pdf>
Package pdftex.def Info: figures/openms_protein_quantification/label_free/strin
gdb_plots/subacute_c_imp_vs_subacute_c_nonimp_2021-08-06.pdf  used on input lin
e 906.
(pdftex.def)             Requested size: 406.59714pt x 361.41968pt.
File: Images/stringdb_curated_db.png Graphic file (type png)
<use Images/stringdb_curated_db.png>
Package pdftex.def Info: Images/stringdb_curated_db.png  used on input line 906
.
(pdftex.def)             Requested size: 32.52872pt x 12.8993pt.
File: Images/stringdb_experimentally_determined.png Graphic file (type png)
<use Images/stringdb_experimentally_determined.png>
Package pdftex.def Info: Images/stringdb_experimentally_determined.png  used on
 input line 906.
(pdftex.def)             Requested size: 32.52922pt x 12.55513pt.
File: Images/stringdb_gene_co-occurrence.png Graphic file (type png)
<use Images/stringdb_gene_co-occurrence.png>
Package pdftex.def Info: Images/stringdb_gene_co-occurrence.png  used on input 
line 906.
(pdftex.def)             Requested size: 32.52861pt x 12.26488pt.
File: Images/stringdb_gene_fusions.png Graphic file (type png)
<use Images/stringdb_gene_fusions.png>
Package pdftex.def Info: Images/stringdb_gene_fusions.png  used on input line 9
06.
(pdftex.def)             Requested size: 32.5284pt x 12.12923pt.
File: Images/stringdb_gene_neighbour.png Graphic file (type png)
<use Images/stringdb_gene_neighbour.png>
Package pdftex.def Info: Images/stringdb_gene_neighbour.png  used on input line
 906.
(pdftex.def)             Requested size: 32.52872pt x 10.65594pt.
File: Images/stringdb_co-expression.png Graphic file (type png)
<use Images/stringdb_co-expression.png>
Package pdftex.def Info: Images/stringdb_co-expression.png  used on input line 
906.
(pdftex.def)             Requested size: 32.52872pt x 12.33847pt.
File: Images/stringdb_text_mining.png Graphic file (type png)
<use Images/stringdb_text_mining.png>
Package pdftex.def Info: Images/stringdb_text_mining.png  used on input line 90
6.
(pdftex.def)             Requested size: 32.52922pt x 13.12581pt.
File: Images/stringdb_protein-homology.png Graphic file (type png)
<use Images/stringdb_protein-homology.png>
Package pdftex.def Info: Images/stringdb_protein-homology.png  used on input li
ne 906.
(pdftex.def)             Requested size: 32.5284pt x 13.23187pt.

LaTeX Warning: Reference `fig:openms-chap4-hmap-acute-sacute-imp-c-1' on page 3
3 undefined on input line 912.


LaTeX Warning: Reference `fig:openms-chap4-hmap-acute-sacute-nonimp-c-1' on pag
e 33 undefined on input line 912.


LaTeX Warning: Reference `fig:openms-chap4-hmap-acute-a-d-2' on page 33 undefin
ed on input line 912.


LaTeX Warning: Reference `fig:openms-chap4-hmap-acute-imp-c-d-2' on page 33 und
efined on input line 912.


LaTeX Warning: Reference `fig:openms-chap4-hmap-acute-imp-c-a-2' on page 33 und
efined on input line 912.


LaTeX Warning: Reference `fig:openms-chap4-hmap-acute-nonimp-c-a-2' on page 33 
undefined on input line 912.


LaTeX Warning: Reference `fig:openms-chap4-hmap-acute-nonimp-c-d-2' on page 33 
undefined on input line 912.


LaTeX Warning: Reference `appen-labelfree-hmap' on page 33 undefined on input l
ine 914.

[33

 <./figures/openms_protein_quantification/label_free/openms_volcano_plot_2021-0
8-10_0008.pdf>] [34 <./figures/openms_protein_quantification/label_free/openms_
volcano_plot_2021-08-10_0026.pdf>] [35 <./figures/openms_protein_quantification
/label_free/stringdb_plots/acute_c_imp_vs_acute_c_nonimp_2021-08-06.pdf>] [36 <
./figures/openms_protein_quantification/label_free/stringdb_plots/subacute_c_im
p_vs_subacute_c_nonimp_2021-08-06.pdf>] [37]
<proteomic_paper_2020-02-11_files/figure-latex/openms-chap4-hmap-acute-c-1-1.pd
f, id=517, 851.18pt x 566.115pt>
File: proteomic_paper_2020-02-11_files/figure-latex/openms-chap4-hmap-acute-c-1
-1.pdf Graphic file (type pdf)
<use proteomic_paper_2020-02-11_files/figure-latex/openms-chap4-hmap-acute-c-1-
1.pdf>
Package pdftex.def Info: proteomic_paper_2020-02-11_files/figure-latex/openms-c
hap4-hmap-acute-c-1-1.pdf  used on input line 922.
(pdftex.def)             Requested size: 611.34251pt x 406.60045pt.

LaTeX Warning: Float too large for page by 31.61057pt on input line 927.

[38 <./proteomic_paper_2020-02-11_files/figure-latex/openms-chap4-hmap-acute-c-
1-1.pdf>]
<proteomic_paper_2020-02-11_files/figure-latex/openms-chap4-hmap-subacute-c-1-1
.pdf, id=532, 851.18pt x 566.115pt>
File: proteomic_paper_2020-02-11_files/figure-latex/openms-chap4-hmap-subacute-
c-1-1.pdf Graphic file (type pdf)
<use proteomic_paper_2020-02-11_files/figure-latex/openms-chap4-hmap-subacute-c
-1-1.pdf>
Package pdftex.def Info: proteomic_paper_2020-02-11_files/figure-latex/openms-c
hap4-hmap-subacute-c-1-1.pdf  used on input line 936.
(pdftex.def)             Requested size: 611.34251pt x 406.60045pt.

LaTeX Warning: Float too large for page by 31.61057pt on input line 941.

[39 <./proteomic_paper_2020-02-11_files/figure-latex/openms-chap4-hmap-subacute
-c-1-1.pdf>]

LaTeX Warning: Reference `fig:openms-chap4-cnetp-acute-sacute-imp-c-1' on page 
40 undefined on input line 949.


LaTeX Warning: Reference `fig:openms-chap4-cnetp-acute-sacute-nonimp-c-1' on pa
ge 40 undefined on input line 949.


LaTeX Warning: Reference `fig:openms-chap4-cnetp-acute-a-d-2' on page 40 undefi
ned on input line 949.


LaTeX Warning: Reference `fig:openms-chap4-cnetp-acute-imp-c-d-2' on page 40 un
defined on input line 949.


LaTeX Warning: Reference `fig:openms-chap4-cnetp-acute-imp-c-a-2' on page 40 un
defined on input line 949.


LaTeX Warning: Reference `fig:openms-chap4-cnetp-acute-nonimp-c-a-2' on page 40
 undefined on input line 949.


LaTeX Warning: Reference `fig:openms-chap4-cnetp-acute-nonimp-c-d-2' on page 40
 undefined on input line 949.


LaTeX Warning: Reference `appen-labelfree-cnet' on page 40 undefined on input l
ine 951.

[40





]
<proteomic_paper_2020-02-11_files/figure-latex/openms-chap4-cnetp-acute-c-1-1.p
df, id=560, 867.24pt x 702.625pt>
File: proteomic_paper_2020-02-11_files/figure-latex/openms-chap4-cnetp-acute-c-
1-1.pdf Graphic file (type pdf)
<use proteomic_paper_2020-02-11_files/figure-latex/openms-chap4-cnetp-acute-c-1
-1.pdf>
Package pdftex.def Info: proteomic_paper_2020-02-11_files/figure-latex/openms-c
hap4-cnetp-acute-c-1-1.pdf  used on input line 959.
(pdftex.def)             Requested size: 501.86153pt x 406.60075pt.

LaTeX Warning: Float too large for page by 31.61087pt on input line 964.

[41 <./proteomic_paper_2020-02-11_files/figure-latex/openms-chap4-cnetp-acute-c
-1-1.pdf>]
<proteomic_paper_2020-02-11_files/figure-latex/openms-chap4-cnetp-subacute-c-1-
1.pdf, id=577, 867.24pt x 702.625pt>
File: proteomic_paper_2020-02-11_files/figure-latex/openms-chap4-cnetp-subacute
-c-1-1.pdf Graphic file (type pdf)
<use proteomic_paper_2020-02-11_files/figure-latex/openms-chap4-cnetp-subacute-
c-1-1.pdf>
Package pdftex.def Info: proteomic_paper_2020-02-11_files/figure-latex/openms-c
hap4-cnetp-subacute-c-1-1.pdf  used on input line 973.
(pdftex.def)             Requested size: 501.86153pt x 406.60075pt.

LaTeX Warning: Float too large for page by 31.61087pt on input line 978.

[42 <./proteomic_paper_2020-02-11_files/figure-latex/openms-chap4-cnetp-subacut
e-c-1-1.pdf>]
<figures/kegg_pathways/hsa04610.pathview_label-free.png, id=597, 317.5062pt x 1
96.3335pt>
File: figures/kegg_pathways/hsa04610.pathview_label-free.png Graphic file (type
 png)
<use figures/kegg_pathways/hsa04610.pathview_label-free.png>
Package pdftex.def Info: figures/kegg_pathways/hsa04610.pathview_label-free.png
  used on input line 993.
(pdftex.def)             Requested size: 317.51024pt x 196.336pt.
<proteomic_paper_2020-02-11_files/figure-latex/itraq-label-free-venn-1.pdf, id=
599, 429.605pt x 302.12875pt>
File: proteomic_paper_2020-02-11_files/figure-latex/itraq-label-free-venn-1.pdf
 Graphic file (type pdf)
<use proteomic_paper_2020-02-11_files/figure-latex/itraq-label-free-venn-1.pdf>

Package pdftex.def Info: proteomic_paper_2020-02-11_files/figure-latex/itraq-la
bel-free-venn-1.pdf  used on input line 1009.
(pdftex.def)             Requested size: 243.95966pt x 171.56975pt.
[43





 <./figures/kegg_pathways/hsa04610.pathview_label-free.png (PNG copy)> <./prote
omic_paper_2020-02-11_files/figure-latex/itraq-label-free-venn-1.pdf>]

LaTeX Warning: Reference `chap-2-intro' on page 44 undefined on input line 1022
.


Underfull \hbox (badness 1509) in paragraph at lines 1028--1033
\T1/opensans-TLF/m/n/9 ra-phy), frag-men-ta-tion meth-ods (electron-capture dis
-so-ci-a-tion, electron-transfer dis-so-ci-a-tion,
 []

[44] [45] [46] [47] [48] [49]

LaTeX Warning: Reference `chap-1-biomarkers' on page 50 undefined on input line
 1229.

[50]

LaTeX Warning: Reference `chap-2-conclusion' on page 51 undefined on input line
 1273.

[51] [52]
Underfull \hbox (badness 1253) in paragraph at lines 1341--1344
[]\T1/opensans-TLF/m/n/9 Moving for-ward in the SCI pathol-ogy, newly pro-lif-e
r-ated and re-cruited mi-croglia be-gin ac-
 []

[53]
Underfull \hbox (badness 1210) in paragraph at lines 1351--1359
[]\T1/opensans-TLF/m/n/9 Owing to the di-ver-sity of mono-cyte sub-sets and mac
rophage phe-no-types, a com-plete un-
 []


Underfull \hbox (badness 1152) in paragraph at lines 1351--1359
\T1/opensans-TLF/m/n/9 der-stand-ing of their role with re-spect to SCI pathol-
ogy is still lack-ing, and re-quires un-der
 []


Underfull \hbox (badness 1102) in paragraph at lines 1351--1359
\T1/opensans-TLF/m/n/9 ac-tive re-search.(David and Kro-ner 2011) Some po-lar-i
-sa-tion states as-so-ci-ated with re-cruited
 []


Underfull \hbox (badness 1342) in paragraph at lines 1351--1359
\T1/opensans-TLF/m/n/9 Con-versely, oth-ers have found de-ple-tion o cir-cu-lat
-ing mono-cytes/macrophages sig-nif-i-cantly
 []

[54]
Underfull \hbox (badness 1400) in paragraph at lines 1387--1391
 \T1/opensans-TLF/b/n/9 5.2.1.1.1 In-tra-venous im-munoglob-u-lin[] \T1/opensan
s-TLF/m/n/9 In-tra-venous im-munoglob-u-lin (IVIG) is in-creas-ingly
 []

[55]
Underfull \hbox (badness 4168) in paragraph at lines 1433--1440
[]\T1/opensans-TLF/m/n/9 Conversely, ag-o-nis-tic anti-Fas an-ti-bod-ies have a
lso been re-ported with-ing IVIG prepa-ra-
 []

[56] [57] [58] [59] [60] [61] [62]
Underfull \hbox (badness 1215) in paragraph at lines 1674--1676
[]\T1/opensans-TLF/m/n/9 Choi, Meena. 2014. ``MSstats: An r Pack-age for Sta-ti
s-ti-cal Anal-y-sis of Quan-ti-ta-tive Mass
 []

[63] [64] [65]
Underfull \hbox (badness 2050) in paragraph at lines 1839--1841
\T1/opensans-TLF/m/n/9 Samuel Laman-tia. 2002. ``Retinoic Acid Sig-nal-ing at S
ites of Plas-tic-ity in the Ma-ture
 []


Underfull \hbox (badness 1874) in paragraph at lines 1839--1841
\T1/opensans-TLF/m/n/9 Cen-tral Ner-vous Sys-tem.'' \T1/opensans-TLF/m/it/9 Jou
r-nal of Com-par-a-tive Neu-rol-ogy \T1/opensans-TLF/m/n/9 452 (3): 228--41. []
$h t t p s :
 []

[66]
Underfull \hbox (badness 2600) in paragraph at lines 1863--1865
\T1/opensans-TLF/m/n/9 Martens, and Yas-set Perez-Riverol. 2020. ``Ther-moRaw-F
ileParser: Mod-u-lar, Scal-able,
 []

[67] [68] [69]
Underfull \hbox (badness 4967) in paragraph at lines 2013--2015
[]\T1/opensans-TLF/m/n/9 Matsuzawa, At-sushi, Kaoru Sae-gusa, Takuya Noguchi, C
hi-haru Sadamitsu, Hideki Nishi-
 []


Underfull \hbox (badness 1629) in paragraph at lines 2013--2015
\T1/opensans-TLF/m/n/9 toh, Shigenori Na-gai, Shi-geo Koy-asu, Ku-ni-hiro Mat-s
umoto, Kohsuke Takeda, and Hi-de-
 []


Underfull \hbox (badness 1005) in paragraph at lines 2013--2015
\T1/opensans-TLF/m/n/9 nori Ichijo. 2005. ``ROS-dependent Ac-ti-va-tion of the 
TRAF6-ASK1-p38 Path-way Is Se-lec-
 []


Underfull \hbox (badness 1874) in paragraph at lines 2022--2024
[]\T1/opensans-TLF/m/n/9 Milosevic, Ivana, An-kica Vu-jovic, Alek-san-dra Barac
, Ma-rina Djelic, Mi-los Ko-rac, Alek-san-dra
 []

[70] [71] [72] [73] [74] [75] [76] 
AED: lastpage setting LastPage
[77] (./proteomic_paper_2020-02-11.suppinfo) (./proteomic_paper_2020-02-11.aux)

LaTeX Warning: There were undefined references.


LaTeX Warning: There were multiply-defined labels.

 ) 
Here is how much of TeX's memory you used:
 27765 strings out of 478276
 527003 string characters out of 5853013
 1076457 words of memory out of 5000000
 44944 multiletter control sequences out of 15000+600000
 518154 words of font info for 126 fonts, out of 8000000 for 9000
 1141 hyphenation exceptions out of 8191
 88i,12n,131p,2639b,1008s stack positions out of 5000i,500n,10000p,200000b,80000s
{/usr/share/texmf-dist/fonts/enc/dvips/lm/lm-rm.enc}{/usr/share/texmf-dist/fo
nts/enc/dvips/lm/lm-mathit.enc}{/usr/share/texmf-dist/fonts/enc/dvips/lm/lm-ec.
enc}{/usr/share/texmf-dist/fonts/enc/dvips/opensans/a_jg4h6q.enc}{/usr/share/te
xmf-dist/fonts/enc/dvips/opensans/a_nvvucy.enc}</usr/share/texmf-dist/fonts/typ
e1/ascender/opensans/OpenSans-Bold.pfb></usr/share/texmf-dist/fonts/type1/ascen
der/opensans/OpenSans-Italic.pfb></usr/share/texmf-dist/fonts/type1/ascender/op
ensans/OpenSans-Regular.pfb></usr/share/texmf-dist/fonts/type1/public/lm/lmmi6.
pfb></usr/share/texmf-dist/fonts/type1/public/lm/lmmi8.pfb></usr/share/texmf-di
st/fonts/type1/public/lm/lmmi9.pfb></usr/share/texmf-dist/fonts/type1/public/lm
/lmr6.pfb></usr/share/texmf-dist/fonts/type1/public/lm/lmr8.pfb></usr/share/tex
mf-dist/fonts/type1/public/lm/lmr9.pfb></usr/share/texmf-dist/fonts/type1/publi
c/lm/lmss8.pfb></usr/share/texmf-dist/fonts/type1/public/lm/lmtt9.pfb></usr/sha
re/texmf-dist/fonts/type1/public/stix/stix-mathcal.pfb>
Output written on proteomic_paper_2020-02-11.pdf (77 pages, 3521744 bytes).
PDF statistics:
 1927 PDF objects out of 2073 (max. 8388607)
 1708 compressed objects within 18 object streams
 498 named destinations out of 1000 (max. 500000)
 10747 words of extra memory for PDF output out of 12000 (max. 10000000)

